mode: set
github.com/grokify/omnistorage/backend/memory/backend.go:26.13,28.2 1 1
github.com/grokify/omnistorage/backend/memory/backend.go:46.21,50.2 1 1
github.com/grokify/omnistorage/backend/memory/backend.go:54.70,56.2 1 1
github.com/grokify/omnistorage/backend/memory/backend.go:59.118,60.40 1 1
github.com/grokify/omnistorage/backend/memory/backend.go:60.40,62.3 1 1
github.com/grokify/omnistorage/backend/memory/backend.go:64.2,64.34 1 1
github.com/grokify/omnistorage/backend/memory/backend.go:64.34,66.3 1 1
github.com/grokify/omnistorage/backend/memory/backend.go:68.2,68.40 1 1
github.com/grokify/omnistorage/backend/memory/backend.go:68.40,70.3 1 1
github.com/grokify/omnistorage/backend/memory/backend.go:72.2,79.8 2 1
github.com/grokify/omnistorage/backend/memory/backend.go:83.117,84.40 1 1
github.com/grokify/omnistorage/backend/memory/backend.go:84.40,86.3 1 1
github.com/grokify/omnistorage/backend/memory/backend.go:88.2,88.34 1 1
github.com/grokify/omnistorage/backend/memory/backend.go:88.34,90.3 1 1
github.com/grokify/omnistorage/backend/memory/backend.go:92.2,92.40 1 1
github.com/grokify/omnistorage/backend/memory/backend.go:92.40,94.3 1 0
github.com/grokify/omnistorage/backend/memory/backend.go:96.2,102.13 5 1
github.com/grokify/omnistorage/backend/memory/backend.go:102.13,104.3 1 1
github.com/grokify/omnistorage/backend/memory/backend.go:106.2,106.15 1 1
github.com/grokify/omnistorage/backend/memory/backend.go:106.15,108.3 1 0
github.com/grokify/omnistorage/backend/memory/backend.go:110.2,117.23 4 1
github.com/grokify/omnistorage/backend/memory/backend.go:117.23,118.40 1 1
github.com/grokify/omnistorage/backend/memory/backend.go:118.40,120.4 1 0
github.com/grokify/omnistorage/backend/memory/backend.go:120.9,122.4 1 1
github.com/grokify/omnistorage/backend/memory/backend.go:126.2,126.57 1 1
github.com/grokify/omnistorage/backend/memory/backend.go:126.57,128.3 1 1
github.com/grokify/omnistorage/backend/memory/backend.go:130.2,132.8 1 1
github.com/grokify/omnistorage/backend/memory/backend.go:136.71,137.40 1 1
github.com/grokify/omnistorage/backend/memory/backend.go:137.40,139.3 1 1
github.com/grokify/omnistorage/backend/memory/backend.go:141.2,141.34 1 1
github.com/grokify/omnistorage/backend/memory/backend.go:141.34,143.3 1 1
github.com/grokify/omnistorage/backend/memory/backend.go:145.2,145.40 1 1
github.com/grokify/omnistorage/backend/memory/backend.go:145.40,147.3 1 0
github.com/grokify/omnistorage/backend/memory/backend.go:149.2,155.20 5 1
github.com/grokify/omnistorage/backend/memory/backend.go:159.63,160.40 1 1
github.com/grokify/omnistorage/backend/memory/backend.go:160.40,162.3 1 1
github.com/grokify/omnistorage/backend/memory/backend.go:164.2,164.34 1 1
github.com/grokify/omnistorage/backend/memory/backend.go:164.34,166.3 1 1
github.com/grokify/omnistorage/backend/memory/backend.go:168.2,168.40 1 1
github.com/grokify/omnistorage/backend/memory/backend.go:168.40,170.3 1 0
github.com/grokify/omnistorage/backend/memory/backend.go:172.2,178.12 5 1
github.com/grokify/omnistorage/backend/memory/backend.go:182.78,183.40 1 1
github.com/grokify/omnistorage/backend/memory/backend.go:183.40,185.3 1 1
github.com/grokify/omnistorage/backend/memory/backend.go:187.2,187.34 1 1
github.com/grokify/omnistorage/backend/memory/backend.go:187.34,189.3 1 1
github.com/grokify/omnistorage/backend/memory/backend.go:191.2,197.32 5 1
github.com/grokify/omnistorage/backend/memory/backend.go:197.32,199.23 1 1
github.com/grokify/omnistorage/backend/memory/backend.go:199.23,201.4 1 0
github.com/grokify/omnistorage/backend/memory/backend.go:204.3,204.16 1 1
github.com/grokify/omnistorage/backend/memory/backend.go:204.16,205.12 1 0
github.com/grokify/omnistorage/backend/memory/backend.go:209.3,209.105 1 1
github.com/grokify/omnistorage/backend/memory/backend.go:209.105,211.4 1 1
github.com/grokify/omnistorage/backend/memory/backend.go:214.2,215.19 2 1
github.com/grokify/omnistorage/backend/memory/backend.go:219.33,226.2 5 1
github.com/grokify/omnistorage/backend/memory/backend.go:229.87,230.40 1 1
github.com/grokify/omnistorage/backend/memory/backend.go:230.40,232.3 1 0
github.com/grokify/omnistorage/backend/memory/backend.go:234.2,234.34 1 1
github.com/grokify/omnistorage/backend/memory/backend.go:234.34,236.3 1 1
github.com/grokify/omnistorage/backend/memory/backend.go:238.2,238.40 1 1
github.com/grokify/omnistorage/backend/memory/backend.go:238.40,240.3 1 0
github.com/grokify/omnistorage/backend/memory/backend.go:242.2,248.13 5 1
github.com/grokify/omnistorage/backend/memory/backend.go:248.13,250.3 1 1
github.com/grokify/omnistorage/backend/memory/backend.go:252.2,253.15 2 1
github.com/grokify/omnistorage/backend/memory/backend.go:253.15,255.3 1 1
github.com/grokify/omnistorage/backend/memory/backend.go:257.2,263.8 1 1
github.com/grokify/omnistorage/backend/memory/backend.go:267.62,268.40 1 1
github.com/grokify/omnistorage/backend/memory/backend.go:268.40,270.3 1 0
github.com/grokify/omnistorage/backend/memory/backend.go:272.2,272.34 1 1
github.com/grokify/omnistorage/backend/memory/backend.go:272.34,274.3 1 0
github.com/grokify/omnistorage/backend/memory/backend.go:276.2,276.40 1 1
github.com/grokify/omnistorage/backend/memory/backend.go:276.40,278.3 1 0
github.com/grokify/omnistorage/backend/memory/backend.go:280.2,287.23 5 1
github.com/grokify/omnistorage/backend/memory/backend.go:287.23,289.47 2 1
github.com/grokify/omnistorage/backend/memory/backend.go:289.47,294.4 1 1
github.com/grokify/omnistorage/backend/memory/backend.go:297.2,297.12 1 1
github.com/grokify/omnistorage/backend/memory/backend.go:301.62,302.40 1 1
github.com/grokify/omnistorage/backend/memory/backend.go:302.40,304.3 1 0
github.com/grokify/omnistorage/backend/memory/backend.go:306.2,306.34 1 1
github.com/grokify/omnistorage/backend/memory/backend.go:306.34,308.3 1 0
github.com/grokify/omnistorage/backend/memory/backend.go:310.2,310.40 1 1
github.com/grokify/omnistorage/backend/memory/backend.go:310.40,312.3 1 0
github.com/grokify/omnistorage/backend/memory/backend.go:314.2,320.13 5 1
github.com/grokify/omnistorage/backend/memory/backend.go:320.13,322.3 1 1
github.com/grokify/omnistorage/backend/memory/backend.go:324.2,324.16 1 1
github.com/grokify/omnistorage/backend/memory/backend.go:324.16,326.3 1 0
github.com/grokify/omnistorage/backend/memory/backend.go:329.2,330.33 2 1
github.com/grokify/omnistorage/backend/memory/backend.go:330.33,331.41 1 1
github.com/grokify/omnistorage/backend/memory/backend.go:331.41,333.4 1 1
github.com/grokify/omnistorage/backend/memory/backend.go:336.2,337.12 2 1
github.com/grokify/omnistorage/backend/memory/backend.go:341.68,342.40 1 1
github.com/grokify/omnistorage/backend/memory/backend.go:342.40,344.3 1 0
github.com/grokify/omnistorage/backend/memory/backend.go:346.2,346.34 1 1
github.com/grokify/omnistorage/backend/memory/backend.go:346.34,348.3 1 0
github.com/grokify/omnistorage/backend/memory/backend.go:350.2,350.42 1 1
github.com/grokify/omnistorage/backend/memory/backend.go:350.42,352.3 1 0
github.com/grokify/omnistorage/backend/memory/backend.go:353.2,353.42 1 1
github.com/grokify/omnistorage/backend/memory/backend.go:353.42,355.3 1 0
github.com/grokify/omnistorage/backend/memory/backend.go:357.2,364.13 6 1
github.com/grokify/omnistorage/backend/memory/backend.go:364.13,366.3 1 1
github.com/grokify/omnistorage/backend/memory/backend.go:368.2,368.18 1 1
github.com/grokify/omnistorage/backend/memory/backend.go:368.18,370.3 1 0
github.com/grokify/omnistorage/backend/memory/backend.go:373.2,383.12 4 1
github.com/grokify/omnistorage/backend/memory/backend.go:387.68,388.40 1 1
github.com/grokify/omnistorage/backend/memory/backend.go:388.40,390.3 1 0
github.com/grokify/omnistorage/backend/memory/backend.go:392.2,392.34 1 1
github.com/grokify/omnistorage/backend/memory/backend.go:392.34,394.3 1 0
github.com/grokify/omnistorage/backend/memory/backend.go:396.2,396.42 1 1
github.com/grokify/omnistorage/backend/memory/backend.go:396.42,398.3 1 0
github.com/grokify/omnistorage/backend/memory/backend.go:399.2,399.42 1 1
github.com/grokify/omnistorage/backend/memory/backend.go:399.42,401.3 1 0
github.com/grokify/omnistorage/backend/memory/backend.go:403.2,410.13 6 1
github.com/grokify/omnistorage/backend/memory/backend.go:410.13,412.3 1 1
github.com/grokify/omnistorage/backend/memory/backend.go:414.2,414.18 1 1
github.com/grokify/omnistorage/backend/memory/backend.go:414.18,416.3 1 0
github.com/grokify/omnistorage/backend/memory/backend.go:419.2,427.12 3 1
github.com/grokify/omnistorage/backend/memory/backend.go:431.51,445.2 1 1
github.com/grokify/omnistorage/backend/memory/backend.go:449.32,454.32 4 1
github.com/grokify/omnistorage/backend/memory/backend.go:454.32,456.3 1 1
github.com/grokify/omnistorage/backend/memory/backend.go:457.2,457.14 1 1
github.com/grokify/omnistorage/backend/memory/backend.go:461.31,466.32 4 1
github.com/grokify/omnistorage/backend/memory/backend.go:466.32,467.17 1 1
github.com/grokify/omnistorage/backend/memory/backend.go:467.17,469.4 1 1
github.com/grokify/omnistorage/backend/memory/backend.go:471.2,471.14 1 1
github.com/grokify/omnistorage/backend/memory/backend.go:475.27,480.2 3 1
github.com/grokify/omnistorage/backend/memory/backend.go:483.39,487.14 3 1
github.com/grokify/omnistorage/backend/memory/backend.go:487.14,489.3 1 1
github.com/grokify/omnistorage/backend/memory/backend.go:490.2,490.12 1 1
github.com/grokify/omnistorage/backend/memory/backend.go:494.35,495.13 1 1
github.com/grokify/omnistorage/backend/memory/backend.go:495.13,497.3 1 1
github.com/grokify/omnistorage/backend/memory/backend.go:500.2,501.75 2 1
github.com/grokify/omnistorage/backend/memory/backend.go:501.75,503.3 1 1
github.com/grokify/omnistorage/backend/memory/backend.go:505.2,505.12 1 1
github.com/grokify/omnistorage/backend/memory/backend.go:509.37,510.13 1 1
github.com/grokify/omnistorage/backend/memory/backend.go:510.13,512.3 1 1
github.com/grokify/omnistorage/backend/memory/backend.go:514.2,518.14 3 1
github.com/grokify/omnistorage/backend/memory/backend.go:518.14,520.3 1 0
github.com/grokify/omnistorage/backend/memory/backend.go:521.2,521.10 1 1
github.com/grokify/omnistorage/backend/memory/backend.go:534.59,538.14 3 1
github.com/grokify/omnistorage/backend/memory/backend.go:538.14,540.3 1 1
github.com/grokify/omnistorage/backend/memory/backend.go:542.2,542.26 1 1
github.com/grokify/omnistorage/backend/memory/backend.go:545.38,549.14 3 1
github.com/grokify/omnistorage/backend/memory/backend.go:549.14,551.3 1 0
github.com/grokify/omnistorage/backend/memory/backend.go:553.2,559.22 4 1
github.com/grokify/omnistorage/backend/memory/backend.go:559.22,561.3 1 0
github.com/grokify/omnistorage/backend/memory/backend.go:563.2,570.12 2 1
github.com/grokify/omnistorage/backend/memory/backend.go:580.58,584.14 3 1
github.com/grokify/omnistorage/backend/memory/backend.go:584.14,586.3 1 1
github.com/grokify/omnistorage/backend/memory/backend.go:588.2,588.25 1 1
github.com/grokify/omnistorage/backend/memory/backend.go:591.38,597.2 4 1
github.com/grokify/omnistorage/copy.go:15.136,18.16 2 1
github.com/grokify/omnistorage/copy.go:18.16,20.3 1 1
github.com/grokify/omnistorage/copy.go:21.2,21.15 1 1
github.com/grokify/omnistorage/copy.go:21.15,21.32 1 1
github.com/grokify/omnistorage/copy.go:24.2,25.16 2 1
github.com/grokify/omnistorage/copy.go:25.16,27.3 1 0
github.com/grokify/omnistorage/copy.go:30.2,31.16 2 1
github.com/grokify/omnistorage/copy.go:31.16,34.3 2 0
github.com/grokify/omnistorage/copy.go:36.2,36.18 1 1
github.com/grokify/omnistorage/copy.go:42.173,45.16 2 1
github.com/grokify/omnistorage/copy.go:45.16,47.3 1 0
github.com/grokify/omnistorage/copy.go:48.2,48.15 1 1
github.com/grokify/omnistorage/copy.go:48.15,48.32 1 1
github.com/grokify/omnistorage/copy.go:51.2,52.16 2 1
github.com/grokify/omnistorage/copy.go:52.16,54.3 1 0
github.com/grokify/omnistorage/copy.go:57.2,58.14 2 1
github.com/grokify/omnistorage/copy.go:58.14,61.3 2 0
github.com/grokify/omnistorage/copy.go:64.2,66.16 3 1
github.com/grokify/omnistorage/copy.go:66.16,69.3 2 0
github.com/grokify/omnistorage/copy.go:71.2,71.34 1 1
github.com/grokify/omnistorage/copy.go:71.34,73.3 1 0
github.com/grokify/omnistorage/copy.go:75.2,75.42 1 1
github.com/grokify/omnistorage/copy.go:79.42,82.24 3 1
github.com/grokify/omnistorage/copy.go:82.24,85.3 2 1
github.com/grokify/omnistorage/copy.go:86.2,86.23 1 1
github.com/grokify/omnistorage/copy.go:94.137,96.30 1 1
github.com/grokify/omnistorage/copy.go:96.30,97.73 1 1
github.com/grokify/omnistorage/copy.go:97.73,99.44 2 1
github.com/grokify/omnistorage/copy.go:99.44,101.5 1 1
github.com/grokify/omnistorage/copy.go:106.2,106.73 1 0
github.com/grokify/omnistorage/errors.go:37.33,39.2 1 1
github.com/grokify/omnistorage/errors.go:42.41,44.2 1 0
github.com/grokify/omnistorage/errors.go:47.37,49.2 1 0
github.com/grokify/omnistorage/extended.go:56.52,59.2 2 1
github.com/grokify/omnistorage/extended.go:63.46,65.9 2 1
github.com/grokify/omnistorage/extended.go:65.9,66.67 1 1
github.com/grokify/omnistorage/extended.go:68.2,68.12 1 0
github.com/grokify/omnistorage/features.go:63.49,64.29 1 1
github.com/grokify/omnistorage/features.go:64.29,65.13 1 1
github.com/grokify/omnistorage/features.go:65.13,67.4 1 1
github.com/grokify/omnistorage/features.go:69.2,69.14 1 1
github.com/grokify/omnistorage/features.go:75.44,77.36 2 1
github.com/grokify/omnistorage/features.go:77.36,78.24 1 1
github.com/grokify/omnistorage/features.go:78.24,80.4 1 1
github.com/grokify/omnistorage/features.go:82.2,82.17 1 1
github.com/grokify/omnistorage/features.go:87.55,89.36 2 1
github.com/grokify/omnistorage/features.go:89.36,90.49 1 1
github.com/grokify/omnistorage/features.go:90.49,92.4 1 1
github.com/grokify/omnistorage/features.go:94.2,94.17 1 1
github.com/grokify/omnistorage/hash.go:38.35,40.2 1 1
github.com/grokify/omnistorage/hash.go:43.35,45.2 1 1
github.com/grokify/omnistorage/hash.go:49.36,50.11 1 1
github.com/grokify/omnistorage/hash.go:51.15,52.19 1 1
github.com/grokify/omnistorage/hash.go:53.16,54.20 1 1
github.com/grokify/omnistorage/hash.go:55.18,56.22 1 1
github.com/grokify/omnistorage/hash.go:57.18,58.54 1 1
github.com/grokify/omnistorage/hash.go:59.10,60.13 1 1
github.com/grokify/omnistorage/hash.go:66.58,68.14 2 1
github.com/grokify/omnistorage/hash.go:68.14,70.3 1 1
github.com/grokify/omnistorage/hash.go:72.2,72.41 1 1
github.com/grokify/omnistorage/hash.go:72.41,74.3 1 0
github.com/grokify/omnistorage/hash.go:76.2,76.44 1 1
github.com/grokify/omnistorage/hash.go:81.48,83.14 2 1
github.com/grokify/omnistorage/hash.go:83.14,85.3 1 1
github.com/grokify/omnistorage/hash.go:87.2,88.39 2 1
github.com/grokify/omnistorage/hash.go:95.42,96.15 1 1
github.com/grokify/omnistorage/hash.go:96.15,98.3 1 1
github.com/grokify/omnistorage/hash.go:99.2,99.14 1 1
github.com/grokify/omnistorage/hash.go:103.49,104.15 1 1
github.com/grokify/omnistorage/hash.go:104.15,106.3 1 1
github.com/grokify/omnistorage/hash.go:110.40,111.15 1 1
github.com/grokify/omnistorage/hash.go:111.15,113.3 1 1
github.com/grokify/omnistorage/hash.go:114.2,115.11 2 1
github.com/grokify/omnistorage/hash.go:121.45,122.31 1 1
github.com/grokify/omnistorage/hash.go:122.31,124.3 1 1
github.com/grokify/omnistorage/hash.go:126.2,127.23 2 1
github.com/grokify/omnistorage/hash.go:127.23,128.29 1 1
github.com/grokify/omnistorage/hash.go:128.29,130.15 2 1
github.com/grokify/omnistorage/hash.go:130.15,132.5 1 1
github.com/grokify/omnistorage/hash.go:136.2,136.20 1 1
github.com/grokify/omnistorage/move.go:12.136,14.89 1 1
github.com/grokify/omnistorage/move.go:14.89,16.3 1 1
github.com/grokify/omnistorage/move.go:19.2,19.40 1 1
github.com/grokify/omnistorage/move.go:27.137,29.30 1 1
github.com/grokify/omnistorage/move.go:29.30,30.73 1 1
github.com/grokify/omnistorage/move.go:30.73,32.44 2 1
github.com/grokify/omnistorage/move.go:32.44,34.5 1 1
github.com/grokify/omnistorage/move.go:39.2,39.73 1 0
github.com/grokify/omnistorage/object_info.go:50.41,52.2 1 0
github.com/grokify/omnistorage/object_info.go:55.40,57.2 1 0
github.com/grokify/omnistorage/object_info.go:60.47,62.2 1 0
github.com/grokify/omnistorage/object_info.go:65.40,67.2 1 0
github.com/grokify/omnistorage/object_info.go:70.48,72.2 1 0
github.com/grokify/omnistorage/object_info.go:75.51,76.27 1 0
github.com/grokify/omnistorage/object_info.go:76.27,78.3 1 0
github.com/grokify/omnistorage/object_info.go:79.2,79.26 1 0
github.com/grokify/omnistorage/object_info.go:83.56,85.2 1 0
github.com/grokify/omnistorage/options.go:23.44,24.31 1 0
github.com/grokify/omnistorage/options.go:24.31,26.3 1 0
github.com/grokify/omnistorage/options.go:30.55,31.31 1 0
github.com/grokify/omnistorage/options.go:31.31,33.3 1 0
github.com/grokify/omnistorage/options.go:37.60,38.31 1 0
github.com/grokify/omnistorage/options.go:38.31,40.3 1 0
github.com/grokify/omnistorage/options.go:44.61,46.27 2 0
github.com/grokify/omnistorage/options.go:46.27,48.3 1 0
github.com/grokify/omnistorage/options.go:49.2,49.15 1 0
github.com/grokify/omnistorage/options.go:71.50,72.31 1 0
github.com/grokify/omnistorage/options.go:72.31,74.3 1 0
github.com/grokify/omnistorage/options.go:78.44,79.31 1 0
github.com/grokify/omnistorage/options.go:79.31,81.3 1 0
github.com/grokify/omnistorage/options.go:85.42,86.31 1 0
github.com/grokify/omnistorage/options.go:86.31,88.3 1 0
github.com/grokify/omnistorage/options.go:92.61,94.27 2 1
github.com/grokify/omnistorage/options.go:94.27,96.3 1 0
github.com/grokify/omnistorage/options.go:97.2,97.15 1 1
github.com/grokify/omnistorage/registry.go:30.52,34.20 3 1
github.com/grokify/omnistorage/registry.go:34.20,35.48 1 0
github.com/grokify/omnistorage/registry.go:37.2,37.35 1 1
github.com/grokify/omnistorage/registry.go:37.35,38.66 1 0
github.com/grokify/omnistorage/registry.go:40.2,40.26 1 1
github.com/grokify/omnistorage/registry.go:54.67,59.9 4 1
github.com/grokify/omnistorage/registry.go:59.9,61.3 1 0
github.com/grokify/omnistorage/registry.go:62.2,62.24 1 1
github.com/grokify/omnistorage/registry.go:66.26,71.29 4 1
github.com/grokify/omnistorage/registry.go:71.29,73.3 1 1
github.com/grokify/omnistorage/registry.go:74.2,75.14 2 1
github.com/grokify/omnistorage/registry.go:79.37,84.2 4 0
github.com/grokify/omnistorage/registry.go:89.35,93.33 3 0
github.com/grokify/omnistorage/registry.go:93.33,96.3 2 0
github.com/grokify/omnistorage/registry.go:97.2,97.14 1 0
github.com/grokify/omnistorage/backend/channel/backend.go:46.13,48.2 1 1
github.com/grokify/omnistorage/backend/channel/backend.go:78.38,79.26 1 1
github.com/grokify/omnistorage/backend/channel/backend.go:79.26,81.3 1 1
github.com/grokify/omnistorage/backend/channel/backend.go:87.43,88.26 1 1
github.com/grokify/omnistorage/backend/channel/backend.go:88.26,90.3 1 1
github.com/grokify/omnistorage/backend/channel/backend.go:94.35,100.27 2 1
github.com/grokify/omnistorage/backend/channel/backend.go:100.27,102.3 1 1
github.com/grokify/omnistorage/backend/channel/backend.go:103.2,103.10 1 1
github.com/grokify/omnistorage/backend/channel/backend.go:110.75,113.46 2 1
github.com/grokify/omnistorage/backend/channel/backend.go:113.46,115.73 2 1
github.com/grokify/omnistorage/backend/channel/backend.go:115.73,117.4 1 1
github.com/grokify/omnistorage/backend/channel/backend.go:120.2,120.48 1 1
github.com/grokify/omnistorage/backend/channel/backend.go:120.48,121.48 1 1
github.com/grokify/omnistorage/backend/channel/backend.go:121.48,123.4 1 1
github.com/grokify/omnistorage/backend/channel/backend.go:126.2,126.26 1 1
github.com/grokify/omnistorage/backend/channel/backend.go:130.64,134.46 3 1
github.com/grokify/omnistorage/backend/channel/backend.go:134.46,136.3 1 1
github.com/grokify/omnistorage/backend/channel/backend.go:138.2,142.13 3 1
github.com/grokify/omnistorage/backend/channel/backend.go:147.121,148.40 1 1
github.com/grokify/omnistorage/backend/channel/backend.go:148.40,150.3 1 1
github.com/grokify/omnistorage/backend/channel/backend.go:152.2,152.34 1 1
github.com/grokify/omnistorage/backend/channel/backend.go:152.34,154.3 1 1
github.com/grokify/omnistorage/backend/channel/backend.go:156.2,156.16 1 1
github.com/grokify/omnistorage/backend/channel/backend.go:156.16,158.3 1 1
github.com/grokify/omnistorage/backend/channel/backend.go:160.2,167.8 2 1
github.com/grokify/omnistorage/backend/channel/backend.go:172.120,173.40 1 1
github.com/grokify/omnistorage/backend/channel/backend.go:173.40,175.3 1 1
github.com/grokify/omnistorage/backend/channel/backend.go:177.2,177.34 1 1
github.com/grokify/omnistorage/backend/channel/backend.go:177.34,179.3 1 1
github.com/grokify/omnistorage/backend/channel/backend.go:181.2,181.16 1 1
github.com/grokify/omnistorage/backend/channel/backend.go:181.16,183.3 1 1
github.com/grokify/omnistorage/backend/channel/backend.go:185.2,195.18 3 1
github.com/grokify/omnistorage/backend/channel/backend.go:195.18,197.29 2 1
github.com/grokify/omnistorage/backend/channel/backend.go:197.29,200.36 2 1
github.com/grokify/omnistorage/backend/channel/backend.go:200.36,202.5 1 1
github.com/grokify/omnistorage/backend/channel/backend.go:203.4,204.36 2 1
github.com/grokify/omnistorage/backend/channel/backend.go:204.36,206.5 1 1
github.com/grokify/omnistorage/backend/channel/backend.go:207.4,207.45 1 1
github.com/grokify/omnistorage/backend/channel/backend.go:209.3,209.20 1 1
github.com/grokify/omnistorage/backend/channel/backend.go:212.2,212.20 1 1
github.com/grokify/omnistorage/backend/channel/backend.go:216.74,217.40 1 1
github.com/grokify/omnistorage/backend/channel/backend.go:217.40,219.3 1 0
github.com/grokify/omnistorage/backend/channel/backend.go:221.2,221.34 1 1
github.com/grokify/omnistorage/backend/channel/backend.go:221.34,223.3 1 0
github.com/grokify/omnistorage/backend/channel/backend.go:225.2,229.20 4 1
github.com/grokify/omnistorage/backend/channel/backend.go:233.66,234.40 1 1
github.com/grokify/omnistorage/backend/channel/backend.go:234.40,236.3 1 0
github.com/grokify/omnistorage/backend/channel/backend.go:238.2,238.34 1 1
github.com/grokify/omnistorage/backend/channel/backend.go:238.34,240.3 1 0
github.com/grokify/omnistorage/backend/channel/backend.go:242.2,245.46 3 1
github.com/grokify/omnistorage/backend/channel/backend.go:245.46,247.19 2 1
github.com/grokify/omnistorage/backend/channel/backend.go:247.19,250.4 2 1
github.com/grokify/omnistorage/backend/channel/backend.go:251.3,252.27 2 1
github.com/grokify/omnistorage/backend/channel/backend.go:255.2,255.12 1 1
github.com/grokify/omnistorage/backend/channel/backend.go:259.78,260.40 1 1
github.com/grokify/omnistorage/backend/channel/backend.go:260.40,262.3 1 0
github.com/grokify/omnistorage/backend/channel/backend.go:264.2,264.34 1 1
github.com/grokify/omnistorage/backend/channel/backend.go:264.34,266.3 1 0
github.com/grokify/omnistorage/backend/channel/backend.go:268.2,272.31 4 1
github.com/grokify/omnistorage/backend/channel/backend.go:272.31,273.54 1 1
github.com/grokify/omnistorage/backend/channel/backend.go:273.54,275.4 1 1
github.com/grokify/omnistorage/backend/channel/backend.go:278.2,279.19 2 1
github.com/grokify/omnistorage/backend/channel/backend.go:283.33,287.14 3 1
github.com/grokify/omnistorage/backend/channel/backend.go:287.14,289.3 1 1
github.com/grokify/omnistorage/backend/channel/backend.go:291.2,294.34 2 1
github.com/grokify/omnistorage/backend/channel/backend.go:294.34,296.19 2 1
github.com/grokify/omnistorage/backend/channel/backend.go:296.19,299.4 2 0
github.com/grokify/omnistorage/backend/channel/backend.go:300.3,300.19 1 1
github.com/grokify/omnistorage/backend/channel/backend.go:303.2,304.12 2 1
github.com/grokify/omnistorage/backend/channel/backend.go:308.84,309.40 1 1
github.com/grokify/omnistorage/backend/channel/backend.go:309.40,311.3 1 0
github.com/grokify/omnistorage/backend/channel/backend.go:313.2,316.37 3 1
github.com/grokify/omnistorage/backend/channel/backend.go:316.37,317.54 1 1
github.com/grokify/omnistorage/backend/channel/backend.go:317.54,322.15 4 1
github.com/grokify/omnistorage/backend/channel/backend.go:322.15,323.12 1 1
github.com/grokify/omnistorage/backend/channel/backend.go:324.23,325.22 1 0
github.com/grokify/omnistorage/backend/channel/backend.go:326.26,326.26 0 1
github.com/grokify/omnistorage/backend/channel/backend.go:327.13,327.13 0 0
github.com/grokify/omnistorage/backend/channel/backend.go:334.2,334.12 1 1
github.com/grokify/omnistorage/backend/channel/backend.go:338.38,342.2 3 1
github.com/grokify/omnistorage/backend/channel/backend.go:345.39,349.14 3 1
github.com/grokify/omnistorage/backend/channel/backend.go:349.14,351.3 1 1
github.com/grokify/omnistorage/backend/channel/backend.go:352.2,352.12 1 1
github.com/grokify/omnistorage/backend/channel/backend.go:365.60,369.14 3 1
github.com/grokify/omnistorage/backend/channel/backend.go:369.14,371.3 1 0
github.com/grokify/omnistorage/backend/channel/backend.go:374.2,374.9 1 1
github.com/grokify/omnistorage/backend/channel/backend.go:375.22,376.24 1 0
github.com/grokify/omnistorage/backend/channel/backend.go:377.10,377.10 0 1
github.com/grokify/omnistorage/backend/channel/backend.go:381.2,385.26 3 1
github.com/grokify/omnistorage/backend/channel/backend.go:385.26,389.3 3 1
github.com/grokify/omnistorage/backend/channel/backend.go:392.2,396.12 4 1
github.com/grokify/omnistorage/backend/channel/backend.go:396.12,398.3 1 0
github.com/grokify/omnistorage/backend/channel/backend.go:400.2,400.9 1 1
github.com/grokify/omnistorage/backend/channel/backend.go:401.22,402.24 1 0
github.com/grokify/omnistorage/backend/channel/backend.go:403.25,404.21 1 1
github.com/grokify/omnistorage/backend/channel/backend.go:408.39,412.14 3 1
github.com/grokify/omnistorage/backend/channel/backend.go:412.14,414.3 1 1
github.com/grokify/omnistorage/backend/channel/backend.go:416.2,420.20 3 1
github.com/grokify/omnistorage/backend/channel/backend.go:420.20,423.3 2 1
github.com/grokify/omnistorage/backend/channel/backend.go:424.2,426.12 2 1
github.com/grokify/omnistorage/backend/channel/backend.go:442.59,446.14 3 1
github.com/grokify/omnistorage/backend/channel/backend.go:446.14,448.3 1 0
github.com/grokify/omnistorage/backend/channel/backend.go:451.2,451.9 1 1
github.com/grokify/omnistorage/backend/channel/backend.go:452.22,453.24 1 0
github.com/grokify/omnistorage/backend/channel/backend.go:454.10,454.10 0 1
github.com/grokify/omnistorage/backend/channel/backend.go:458.2,458.43 1 1
github.com/grokify/omnistorage/backend/channel/backend.go:458.43,460.3 1 1
github.com/grokify/omnistorage/backend/channel/backend.go:463.2,463.31 1 1
github.com/grokify/omnistorage/backend/channel/backend.go:463.31,467.3 3 0
github.com/grokify/omnistorage/backend/channel/backend.go:470.2,470.9 1 1
github.com/grokify/omnistorage/backend/channel/backend.go:471.22,472.24 1 0
github.com/grokify/omnistorage/backend/channel/backend.go:473.31,474.10 1 1
github.com/grokify/omnistorage/backend/channel/backend.go:474.10,476.4 1 0
github.com/grokify/omnistorage/backend/channel/backend.go:477.3,481.16 5 1
github.com/grokify/omnistorage/backend/channel/backend.go:485.39,491.2 4 1
github.com/grokify/omnistorage/backend/file/backend.go:16.13,18.2 1 1
github.com/grokify/omnistorage/backend/file/backend.go:40.29,47.2 1 1
github.com/grokify/omnistorage/backend/file/backend.go:57.34,58.23 1 1
github.com/grokify/omnistorage/backend/file/backend.go:58.23,60.3 1 0
github.com/grokify/omnistorage/backend/file/backend.go:61.2,61.32 1 1
github.com/grokify/omnistorage/backend/file/backend.go:61.32,63.3 1 1
github.com/grokify/omnistorage/backend/file/backend.go:64.2,64.33 1 1
github.com/grokify/omnistorage/backend/file/backend.go:64.33,66.3 1 1
github.com/grokify/omnistorage/backend/file/backend.go:67.2,69.3 1 1
github.com/grokify/omnistorage/backend/file/backend.go:76.78,79.53 2 1
github.com/grokify/omnistorage/backend/file/backend.go:79.53,81.3 1 1
github.com/grokify/omnistorage/backend/file/backend.go:83.2,83.52 1 1
github.com/grokify/omnistorage/backend/file/backend.go:83.52,85.3 1 1
github.com/grokify/omnistorage/backend/file/backend.go:87.2,87.25 1 1
github.com/grokify/omnistorage/backend/file/backend.go:91.121,92.40 1 1
github.com/grokify/omnistorage/backend/file/backend.go:92.40,94.3 1 1
github.com/grokify/omnistorage/backend/file/backend.go:96.2,96.34 1 1
github.com/grokify/omnistorage/backend/file/backend.go:96.34,98.3 1 1
github.com/grokify/omnistorage/backend/file/backend.go:100.2,100.45 1 1
github.com/grokify/omnistorage/backend/file/backend.go:100.45,102.3 1 1
github.com/grokify/omnistorage/backend/file/backend.go:104.2,107.25 2 1
github.com/grokify/omnistorage/backend/file/backend.go:107.25,109.67 2 1
github.com/grokify/omnistorage/backend/file/backend.go:109.67,111.4 1 0
github.com/grokify/omnistorage/backend/file/backend.go:114.2,115.16 2 1
github.com/grokify/omnistorage/backend/file/backend.go:115.16,117.3 1 1
github.com/grokify/omnistorage/backend/file/backend.go:119.2,119.15 1 1
github.com/grokify/omnistorage/backend/file/backend.go:123.120,124.40 1 1
github.com/grokify/omnistorage/backend/file/backend.go:124.40,126.3 1 1
github.com/grokify/omnistorage/backend/file/backend.go:128.2,128.34 1 1
github.com/grokify/omnistorage/backend/file/backend.go:128.34,130.3 1 1
github.com/grokify/omnistorage/backend/file/backend.go:132.2,132.45 1 1
github.com/grokify/omnistorage/backend/file/backend.go:132.45,134.3 1 0
github.com/grokify/omnistorage/backend/file/backend.go:136.2,139.16 3 1
github.com/grokify/omnistorage/backend/file/backend.go:139.16,140.25 1 1
github.com/grokify/omnistorage/backend/file/backend.go:140.25,142.4 1 1
github.com/grokify/omnistorage/backend/file/backend.go:143.3,143.27 1 0
github.com/grokify/omnistorage/backend/file/backend.go:143.27,145.4 1 0
github.com/grokify/omnistorage/backend/file/backend.go:146.3,146.59 1 0
github.com/grokify/omnistorage/backend/file/backend.go:150.2,153.23 2 1
github.com/grokify/omnistorage/backend/file/backend.go:153.23,154.64 1 1
github.com/grokify/omnistorage/backend/file/backend.go:154.64,157.4 2 0
github.com/grokify/omnistorage/backend/file/backend.go:161.2,161.22 1 1
github.com/grokify/omnistorage/backend/file/backend.go:161.22,166.3 1 1
github.com/grokify/omnistorage/backend/file/backend.go:168.2,168.15 1 1
github.com/grokify/omnistorage/backend/file/backend.go:172.74,173.40 1 1
github.com/grokify/omnistorage/backend/file/backend.go:173.40,175.3 1 1
github.com/grokify/omnistorage/backend/file/backend.go:177.2,177.34 1 1
github.com/grokify/omnistorage/backend/file/backend.go:177.34,179.3 1 1
github.com/grokify/omnistorage/backend/file/backend.go:181.2,181.45 1 1
github.com/grokify/omnistorage/backend/file/backend.go:181.45,183.3 1 0
github.com/grokify/omnistorage/backend/file/backend.go:185.2,188.16 3 1
github.com/grokify/omnistorage/backend/file/backend.go:188.16,190.3 1 1
github.com/grokify/omnistorage/backend/file/backend.go:191.2,191.24 1 1
github.com/grokify/omnistorage/backend/file/backend.go:191.24,193.3 1 1
github.com/grokify/omnistorage/backend/file/backend.go:194.2,194.69 1 0
github.com/grokify/omnistorage/backend/file/backend.go:198.66,199.40 1 1
github.com/grokify/omnistorage/backend/file/backend.go:199.40,201.3 1 1
github.com/grokify/omnistorage/backend/file/backend.go:203.2,203.34 1 1
github.com/grokify/omnistorage/backend/file/backend.go:203.34,205.3 1 1
github.com/grokify/omnistorage/backend/file/backend.go:207.2,207.45 1 1
github.com/grokify/omnistorage/backend/file/backend.go:207.45,209.3 1 0
github.com/grokify/omnistorage/backend/file/backend.go:211.2,214.38 3 1
github.com/grokify/omnistorage/backend/file/backend.go:214.38,216.3 1 1
github.com/grokify/omnistorage/backend/file/backend.go:217.2,217.26 1 0
github.com/grokify/omnistorage/backend/file/backend.go:217.26,219.3 1 0
github.com/grokify/omnistorage/backend/file/backend.go:220.2,220.49 1 0
github.com/grokify/omnistorage/backend/file/backend.go:224.78,225.40 1 1
github.com/grokify/omnistorage/backend/file/backend.go:225.40,227.3 1 1
github.com/grokify/omnistorage/backend/file/backend.go:229.2,229.34 1 1
github.com/grokify/omnistorage/backend/file/backend.go:229.34,231.3 1 1
github.com/grokify/omnistorage/backend/file/backend.go:233.2,236.18 3 1
github.com/grokify/omnistorage/backend/file/backend.go:236.18,238.3 1 1
github.com/grokify/omnistorage/backend/file/backend.go:240.2,240.82 1 1
github.com/grokify/omnistorage/backend/file/backend.go:240.82,242.23 1 1
github.com/grokify/omnistorage/backend/file/backend.go:242.23,244.4 1 0
github.com/grokify/omnistorage/backend/file/backend.go:246.3,246.17 1 1
github.com/grokify/omnistorage/backend/file/backend.go:246.17,248.28 1 1
github.com/grokify/omnistorage/backend/file/backend.go:248.28,250.5 1 0
github.com/grokify/omnistorage/backend/file/backend.go:251.4,251.14 1 1
github.com/grokify/omnistorage/backend/file/backend.go:255.3,255.19 1 1
github.com/grokify/omnistorage/backend/file/backend.go:255.19,257.4 1 1
github.com/grokify/omnistorage/backend/file/backend.go:260.3,261.17 2 1
github.com/grokify/omnistorage/backend/file/backend.go:261.17,263.4 1 0
github.com/grokify/omnistorage/backend/file/backend.go:266.3,269.13 3 1
github.com/grokify/omnistorage/backend/file/backend.go:272.2,272.16 1 1
github.com/grokify/omnistorage/backend/file/backend.go:272.16,273.25 1 1
github.com/grokify/omnistorage/backend/file/backend.go:273.25,275.4 1 1
github.com/grokify/omnistorage/backend/file/backend.go:276.3,276.56 1 0
github.com/grokify/omnistorage/backend/file/backend.go:279.2,279.19 1 1
github.com/grokify/omnistorage/backend/file/backend.go:283.33,288.2 4 1
github.com/grokify/omnistorage/backend/file/backend.go:291.48,295.2 2 1
github.com/grokify/omnistorage/backend/file/backend.go:298.51,299.16 1 1
github.com/grokify/omnistorage/backend/file/backend.go:299.16,301.3 1 1
github.com/grokify/omnistorage/backend/file/backend.go:304.2,305.74 2 1
github.com/grokify/omnistorage/backend/file/backend.go:305.74,307.3 1 1
github.com/grokify/omnistorage/backend/file/backend.go:309.2,309.12 1 1
github.com/grokify/omnistorage/backend/file/backend.go:313.39,316.14 3 1
github.com/grokify/omnistorage/backend/file/backend.go:316.14,318.3 1 1
github.com/grokify/omnistorage/backend/file/backend.go:319.2,319.12 1 1
github.com/grokify/omnistorage/backend/file/backend.go:328.63,330.2 1 1
github.com/grokify/omnistorage/backend/file/backend.go:332.43,334.2 1 1
github.com/grokify/omnistorage/backend/file/extended.go:15.90,16.40 1 1
github.com/grokify/omnistorage/backend/file/extended.go:16.40,18.3 1 1
github.com/grokify/omnistorage/backend/file/extended.go:20.2,20.34 1 1
github.com/grokify/omnistorage/backend/file/extended.go:20.34,22.3 1 1
github.com/grokify/omnistorage/backend/file/extended.go:24.2,24.45 1 1
github.com/grokify/omnistorage/backend/file/extended.go:24.45,26.3 1 0
github.com/grokify/omnistorage/backend/file/extended.go:28.2,31.16 3 1
github.com/grokify/omnistorage/backend/file/extended.go:31.16,32.25 1 1
github.com/grokify/omnistorage/backend/file/extended.go:32.25,34.4 1 1
github.com/grokify/omnistorage/backend/file/extended.go:35.3,35.27 1 0
github.com/grokify/omnistorage/backend/file/extended.go:35.27,37.4 1 0
github.com/grokify/omnistorage/backend/file/extended.go:38.3,38.51 1 0
github.com/grokify/omnistorage/backend/file/extended.go:42.2,43.19 2 1
github.com/grokify/omnistorage/backend/file/extended.go:43.19,45.16 2 1
github.com/grokify/omnistorage/backend/file/extended.go:45.16,47.4 1 1
github.com/grokify/omnistorage/backend/file/extended.go:50.2,57.8 1 1
github.com/grokify/omnistorage/backend/file/extended.go:61.65,62.40 1 1
github.com/grokify/omnistorage/backend/file/extended.go:62.40,64.3 1 1
github.com/grokify/omnistorage/backend/file/extended.go:66.2,66.34 1 1
github.com/grokify/omnistorage/backend/file/extended.go:66.34,68.3 1 1
github.com/grokify/omnistorage/backend/file/extended.go:70.2,70.45 1 1
github.com/grokify/omnistorage/backend/file/extended.go:70.45,72.3 1 0
github.com/grokify/omnistorage/backend/file/extended.go:74.2,77.16 3 1
github.com/grokify/omnistorage/backend/file/extended.go:77.16,78.27 1 0
github.com/grokify/omnistorage/backend/file/extended.go:78.27,80.4 1 0
github.com/grokify/omnistorage/backend/file/extended.go:81.3,81.47 1 0
github.com/grokify/omnistorage/backend/file/extended.go:84.2,84.12 1 1
github.com/grokify/omnistorage/backend/file/extended.go:88.65,89.40 1 1
github.com/grokify/omnistorage/backend/file/extended.go:89.40,91.3 1 1
github.com/grokify/omnistorage/backend/file/extended.go:93.2,93.34 1 1
github.com/grokify/omnistorage/backend/file/extended.go:93.34,95.3 1 1
github.com/grokify/omnistorage/backend/file/extended.go:97.2,97.45 1 1
github.com/grokify/omnistorage/backend/file/extended.go:97.45,99.3 1 0
github.com/grokify/omnistorage/backend/file/extended.go:101.2,105.16 3 1
github.com/grokify/omnistorage/backend/file/extended.go:105.16,106.25 1 1
github.com/grokify/omnistorage/backend/file/extended.go:106.25,108.4 1 1
github.com/grokify/omnistorage/backend/file/extended.go:109.3,109.27 1 0
github.com/grokify/omnistorage/backend/file/extended.go:109.27,111.4 1 0
github.com/grokify/omnistorage/backend/file/extended.go:112.3,112.46 1 0
github.com/grokify/omnistorage/backend/file/extended.go:115.2,115.19 1 1
github.com/grokify/omnistorage/backend/file/extended.go:115.19,117.3 1 1
github.com/grokify/omnistorage/backend/file/extended.go:119.2,120.16 2 1
github.com/grokify/omnistorage/backend/file/extended.go:120.16,121.27 1 1
github.com/grokify/omnistorage/backend/file/extended.go:121.27,123.4 1 0
github.com/grokify/omnistorage/backend/file/extended.go:124.3,124.47 1 1
github.com/grokify/omnistorage/backend/file/extended.go:127.2,127.12 1 1
github.com/grokify/omnistorage/backend/file/extended.go:131.68,132.40 1 1
github.com/grokify/omnistorage/backend/file/extended.go:132.40,134.3 1 1
github.com/grokify/omnistorage/backend/file/extended.go:136.2,136.34 1 1
github.com/grokify/omnistorage/backend/file/extended.go:136.34,138.3 1 1
github.com/grokify/omnistorage/backend/file/extended.go:140.2,140.44 1 1
github.com/grokify/omnistorage/backend/file/extended.go:140.44,142.3 1 0
github.com/grokify/omnistorage/backend/file/extended.go:143.2,143.44 1 1
github.com/grokify/omnistorage/backend/file/extended.go:143.44,145.3 1 0
github.com/grokify/omnistorage/backend/file/extended.go:147.2,152.16 4 1
github.com/grokify/omnistorage/backend/file/extended.go:152.16,153.25 1 1
github.com/grokify/omnistorage/backend/file/extended.go:153.25,155.4 1 1
github.com/grokify/omnistorage/backend/file/extended.go:156.3,156.27 1 0
github.com/grokify/omnistorage/backend/file/extended.go:156.27,158.4 1 0
github.com/grokify/omnistorage/backend/file/extended.go:159.3,159.45 1 0
github.com/grokify/omnistorage/backend/file/extended.go:162.2,162.21 1 1
github.com/grokify/omnistorage/backend/file/extended.go:162.21,164.3 1 0
github.com/grokify/omnistorage/backend/file/extended.go:167.2,167.25 1 1
github.com/grokify/omnistorage/backend/file/extended.go:167.25,169.67 2 1
github.com/grokify/omnistorage/backend/file/extended.go:169.67,171.4 1 0
github.com/grokify/omnistorage/backend/file/extended.go:175.2,175.37 1 1
github.com/grokify/omnistorage/backend/file/extended.go:179.68,180.40 1 1
github.com/grokify/omnistorage/backend/file/extended.go:180.40,182.3 1 1
github.com/grokify/omnistorage/backend/file/extended.go:184.2,184.34 1 1
github.com/grokify/omnistorage/backend/file/extended.go:184.34,186.3 1 1
github.com/grokify/omnistorage/backend/file/extended.go:188.2,188.44 1 1
github.com/grokify/omnistorage/backend/file/extended.go:188.44,190.3 1 0
github.com/grokify/omnistorage/backend/file/extended.go:191.2,191.44 1 1
github.com/grokify/omnistorage/backend/file/extended.go:191.44,193.3 1 0
github.com/grokify/omnistorage/backend/file/extended.go:195.2,200.16 4 1
github.com/grokify/omnistorage/backend/file/extended.go:200.16,201.25 1 1
github.com/grokify/omnistorage/backend/file/extended.go:201.25,203.4 1 1
github.com/grokify/omnistorage/backend/file/extended.go:204.3,204.27 1 0
github.com/grokify/omnistorage/backend/file/extended.go:204.27,206.4 1 0
github.com/grokify/omnistorage/backend/file/extended.go:207.3,207.45 1 0
github.com/grokify/omnistorage/backend/file/extended.go:211.2,211.25 1 1
github.com/grokify/omnistorage/backend/file/extended.go:211.25,213.67 2 1
github.com/grokify/omnistorage/backend/file/extended.go:213.67,215.4 1 0
github.com/grokify/omnistorage/backend/file/extended.go:219.2,220.16 2 1
github.com/grokify/omnistorage/backend/file/extended.go:220.16,222.3 1 1
github.com/grokify/omnistorage/backend/file/extended.go:225.2,225.53 1 0
github.com/grokify/omnistorage/backend/file/extended.go:225.53,227.3 1 0
github.com/grokify/omnistorage/backend/file/extended.go:229.2,229.27 1 0
github.com/grokify/omnistorage/backend/file/extended.go:233.51,247.2 1 1
github.com/grokify/omnistorage/backend/file/extended.go:250.51,252.16 2 1
github.com/grokify/omnistorage/backend/file/extended.go:252.16,254.3 1 0
github.com/grokify/omnistorage/backend/file/extended.go:255.2,255.15 1 1
github.com/grokify/omnistorage/backend/file/extended.go:255.15,255.38 1 1
github.com/grokify/omnistorage/backend/file/extended.go:257.2,258.16 2 1
github.com/grokify/omnistorage/backend/file/extended.go:258.16,260.3 1 0
github.com/grokify/omnistorage/backend/file/extended.go:261.2,261.15 1 1
github.com/grokify/omnistorage/backend/file/extended.go:261.15,261.38 1 1
github.com/grokify/omnistorage/backend/file/extended.go:263.2,263.53 1 1
github.com/grokify/omnistorage/backend/file/extended.go:263.53,265.3 1 0
github.com/grokify/omnistorage/backend/file/extended.go:267.2,267.24 1 1
github.com/grokify/omnistorage/format/ndjson/reader.go:23.41,25.2 1 1
github.com/grokify/omnistorage/format/ndjson/reader.go:29.61,36.2 3 1
github.com/grokify/omnistorage/format/ndjson/reader.go:42.41,46.14 3 1
github.com/grokify/omnistorage/format/ndjson/reader.go:46.14,48.3 1 1
github.com/grokify/omnistorage/format/ndjson/reader.go:50.2,50.23 1 1
github.com/grokify/omnistorage/format/ndjson/reader.go:50.23,53.38 2 1
github.com/grokify/omnistorage/format/ndjson/reader.go:53.38,54.12 1 1
github.com/grokify/omnistorage/format/ndjson/reader.go:57.3,59.21 3 1
github.com/grokify/omnistorage/format/ndjson/reader.go:62.2,62.40 1 1
github.com/grokify/omnistorage/format/ndjson/reader.go:62.40,64.3 1 0
github.com/grokify/omnistorage/format/ndjson/reader.go:66.2,66.20 1 1
github.com/grokify/omnistorage/format/ndjson/reader.go:70.32,74.14 3 1
github.com/grokify/omnistorage/format/ndjson/reader.go:74.14,76.3 1 0
github.com/grokify/omnistorage/format/ndjson/reader.go:78.2,79.25 2 1
github.com/grokify/omnistorage/format/ndjson/writer.go:30.42,32.2 1 1
github.com/grokify/omnistorage/format/ndjson/writer.go:35.62,41.2 1 1
github.com/grokify/omnistorage/format/ndjson/writer.go:46.43,50.14 3 1
github.com/grokify/omnistorage/format/ndjson/writer.go:50.14,52.3 1 1
github.com/grokify/omnistorage/format/ndjson/writer.go:55.2,55.43 1 1
github.com/grokify/omnistorage/format/ndjson/writer.go:55.43,57.3 1 0
github.com/grokify/omnistorage/format/ndjson/writer.go:60.2,60.48 1 1
github.com/grokify/omnistorage/format/ndjson/writer.go:60.48,62.3 1 0
github.com/grokify/omnistorage/format/ndjson/writer.go:64.2,64.12 1 1
github.com/grokify/omnistorage/format/ndjson/writer.go:69.47,71.2 1 1
github.com/grokify/omnistorage/format/ndjson/writer.go:74.32,78.14 3 1
github.com/grokify/omnistorage/format/ndjson/writer.go:78.14,80.3 1 1
github.com/grokify/omnistorage/format/ndjson/writer.go:82.2,82.20 1 1
github.com/grokify/omnistorage/format/ndjson/writer.go:86.32,90.14 3 1
github.com/grokify/omnistorage/format/ndjson/writer.go:90.14,92.3 1 0
github.com/grokify/omnistorage/format/ndjson/writer.go:94.2,97.36 2 1
github.com/grokify/omnistorage/format/ndjson/writer.go:97.36,100.3 2 0
github.com/grokify/omnistorage/format/ndjson/writer.go:102.2,102.25 1 1
github.com/grokify/omnistorage/sync/filter/filter.go:62.34,64.27 2 1
github.com/grokify/omnistorage/sync/filter/filter.go:64.27,66.3 1 1
github.com/grokify/omnistorage/sync/filter/filter.go:67.2,67.10 1 1
github.com/grokify/omnistorage/sync/filter/filter.go:73.37,74.25 1 1
github.com/grokify/omnistorage/sync/filter/filter.go:74.25,79.3 1 1
github.com/grokify/omnistorage/sync/filter/filter.go:85.37,86.25 1 1
github.com/grokify/omnistorage/sync/filter/filter.go:86.25,91.3 1 1
github.com/grokify/omnistorage/sync/filter/filter.go:96.33,97.25 1 1
github.com/grokify/omnistorage/sync/filter/filter.go:97.25,102.3 1 1
github.com/grokify/omnistorage/sync/filter/filter.go:107.33,108.25 1 1
github.com/grokify/omnistorage/sync/filter/filter.go:108.25,113.3 1 1
github.com/grokify/omnistorage/sync/filter/filter.go:119.37,120.25 1 1
github.com/grokify/omnistorage/sync/filter/filter.go:120.25,125.3 1 1
github.com/grokify/omnistorage/sync/filter/filter.go:131.37,132.25 1 1
github.com/grokify/omnistorage/sync/filter/filter.go:132.25,137.3 1 1
github.com/grokify/omnistorage/sync/filter/filter.go:152.44,154.16 2 1
github.com/grokify/omnistorage/sync/filter/filter.go:154.16,156.3 1 1
github.com/grokify/omnistorage/sync/filter/filter.go:157.2,157.15 1 1
github.com/grokify/omnistorage/sync/filter/filter.go:157.15,157.35 1 1
github.com/grokify/omnistorage/sync/filter/filter.go:159.2,161.21 3 1
github.com/grokify/omnistorage/sync/filter/filter.go:161.21,163.49 2 1
github.com/grokify/omnistorage/sync/filter/filter.go:163.49,164.12 1 1
github.com/grokify/omnistorage/sync/filter/filter.go:167.3,167.36 1 1
github.com/grokify/omnistorage/sync/filter/filter.go:167.36,170.4 2 1
github.com/grokify/omnistorage/sync/filter/filter.go:170.9,170.43 1 1
github.com/grokify/omnistorage/sync/filter/filter.go:170.43,173.4 2 1
github.com/grokify/omnistorage/sync/filter/filter.go:173.9,176.4 1 0
github.com/grokify/omnistorage/sync/filter/filter.go:179.2,179.38 1 1
github.com/grokify/omnistorage/sync/filter/filter.go:179.38,181.3 1 0
github.com/grokify/omnistorage/sync/filter/filter.go:183.2,183.25 1 1
github.com/grokify/omnistorage/sync/filter/filter.go:183.25,184.28 1 1
github.com/grokify/omnistorage/sync/filter/filter.go:184.28,186.4 1 1
github.com/grokify/omnistorage/sync/filter/filter.go:197.42,198.35 1 1
github.com/grokify/omnistorage/sync/filter/filter.go:198.35,200.3 1 1
github.com/grokify/omnistorage/sync/filter/filter.go:203.2,205.28 3 1
github.com/grokify/omnistorage/sync/filter/filter.go:205.28,206.32 1 1
github.com/grokify/omnistorage/sync/filter/filter.go:206.32,208.40 2 1
github.com/grokify/omnistorage/sync/filter/filter.go:208.40,210.5 1 1
github.com/grokify/omnistorage/sync/filter/filter.go:215.2,215.36 1 1
github.com/grokify/omnistorage/sync/filter/filter.go:215.36,217.3 1 1
github.com/grokify/omnistorage/sync/filter/filter.go:220.2,220.28 1 1
github.com/grokify/omnistorage/sync/filter/filter.go:220.28,221.21 1 1
github.com/grokify/omnistorage/sync/filter/filter.go:222.20,223.40 1 1
github.com/grokify/omnistorage/sync/filter/filter.go:223.40,225.5 1 1
github.com/grokify/omnistorage/sync/filter/filter.go:226.20,227.24 1 1
github.com/grokify/omnistorage/sync/filter/filter.go:227.24,229.5 1 1
github.com/grokify/omnistorage/sync/filter/filter.go:230.20,231.24 1 1
github.com/grokify/omnistorage/sync/filter/filter.go:231.24,233.5 1 1
github.com/grokify/omnistorage/sync/filter/filter.go:234.19,236.24 2 1
github.com/grokify/omnistorage/sync/filter/filter.go:236.24,238.5 1 1
github.com/grokify/omnistorage/sync/filter/filter.go:239.19,241.24 2 1
github.com/grokify/omnistorage/sync/filter/filter.go:241.24,243.5 1 1
github.com/grokify/omnistorage/sync/filter/filter.go:247.2,247.13 1 1
github.com/grokify/omnistorage/sync/filter/filter.go:251.46,253.2 1 1
github.com/grokify/omnistorage/sync/filter/filter.go:256.33,258.2 1 1
github.com/grokify/omnistorage/sync/filter/filter.go:262.46,264.58 1 1
github.com/grokify/omnistorage/sync/filter/filter.go:264.58,266.3 1 1
github.com/grokify/omnistorage/sync/filter/filter.go:269.2,270.62 2 1
github.com/grokify/omnistorage/sync/filter/filter.go:270.62,272.3 1 1
github.com/grokify/omnistorage/sync/filter/filter.go:275.2,275.37 1 1
github.com/grokify/omnistorage/sync/filter/filter.go:275.37,278.65 2 0
github.com/grokify/omnistorage/sync/filter/filter.go:278.65,280.4 1 0
github.com/grokify/omnistorage/sync/filter/filter.go:281.3,281.69 1 0
github.com/grokify/omnistorage/sync/filter/filter.go:281.69,283.4 1 0
github.com/grokify/omnistorage/sync/filter/filter.go:286.2,286.14 1 1
github.com/grokify/omnistorage/compress/gzip/reader.go:18.50,20.16 2 1
github.com/grokify/omnistorage/compress/gzip/reader.go:20.16,22.3 1 1
github.com/grokify/omnistorage/compress/gzip/reader.go:23.2,26.8 1 1
github.com/grokify/omnistorage/compress/gzip/reader.go:30.52,34.14 3 1
github.com/grokify/omnistorage/compress/gzip/reader.go:34.14,36.3 1 1
github.com/grokify/omnistorage/compress/gzip/reader.go:38.2,38.21 1 1
github.com/grokify/omnistorage/compress/gzip/reader.go:42.32,46.14 3 1
github.com/grokify/omnistorage/compress/gzip/reader.go:46.14,48.3 1 1
github.com/grokify/omnistorage/compress/gzip/reader.go:50.2,53.37 2 1
github.com/grokify/omnistorage/compress/gzip/reader.go:53.37,56.3 2 0
github.com/grokify/omnistorage/compress/gzip/reader.go:58.2,58.25 1 1
github.com/grokify/omnistorage/compress/gzip/reader.go:62.39,66.2 3 1
github.com/grokify/omnistorage/compress/gzip/writer.go:35.51,37.2 1 1
github.com/grokify/omnistorage/compress/gzip/writer.go:40.80,42.16 2 1
github.com/grokify/omnistorage/compress/gzip/writer.go:42.16,44.3 1 0
github.com/grokify/omnistorage/compress/gzip/writer.go:45.2,48.8 1 1
github.com/grokify/omnistorage/compress/gzip/writer.go:52.53,56.14 3 1
github.com/grokify/omnistorage/compress/gzip/writer.go:56.14,58.3 1 1
github.com/grokify/omnistorage/compress/gzip/writer.go:60.2,60.22 1 1
github.com/grokify/omnistorage/compress/gzip/writer.go:64.32,68.14 3 1
github.com/grokify/omnistorage/compress/gzip/writer.go:68.14,70.3 1 1
github.com/grokify/omnistorage/compress/gzip/writer.go:72.2,72.21 1 1
github.com/grokify/omnistorage/compress/gzip/writer.go:77.32,81.14 3 1
github.com/grokify/omnistorage/compress/gzip/writer.go:81.14,83.3 1 1
github.com/grokify/omnistorage/compress/gzip/writer.go:85.2,88.37 2 1
github.com/grokify/omnistorage/compress/gzip/writer.go:88.37,91.3 2 0
github.com/grokify/omnistorage/compress/gzip/writer.go:93.2,93.25 1 1
github.com/grokify/omnistorage/multi/writer.go:62.38,63.25 1 1
github.com/grokify/omnistorage/multi/writer.go:63.25,65.3 1 1
github.com/grokify/omnistorage/multi/writer.go:70.66,71.24 1 1
github.com/grokify/omnistorage/multi/writer.go:71.24,73.3 1 1
github.com/grokify/omnistorage/multi/writer.go:76.2,77.29 2 1
github.com/grokify/omnistorage/multi/writer.go:77.29,78.15 1 1
github.com/grokify/omnistorage/multi/writer.go:78.15,80.4 1 1
github.com/grokify/omnistorage/multi/writer.go:83.2,83.29 1 1
github.com/grokify/omnistorage/multi/writer.go:83.29,85.3 1 1
github.com/grokify/omnistorage/multi/writer.go:87.2,90.8 1 1
github.com/grokify/omnistorage/multi/writer.go:94.92,96.16 2 1
github.com/grokify/omnistorage/multi/writer.go:96.16,98.3 1 0
github.com/grokify/omnistorage/multi/writer.go:100.2,100.27 1 1
github.com/grokify/omnistorage/multi/writer.go:100.27,102.3 1 1
github.com/grokify/omnistorage/multi/writer.go:104.2,104.15 1 1
github.com/grokify/omnistorage/multi/writer.go:108.120,116.31 5 1
github.com/grokify/omnistorage/multi/writer.go:116.31,118.17 2 1
github.com/grokify/omnistorage/multi/writer.go:118.17,120.26 2 1
github.com/grokify/omnistorage/multi/writer.go:120.26,122.32 1 1
github.com/grokify/omnistorage/multi/writer.go:122.32,124.6 1 1
github.com/grokify/omnistorage/multi/writer.go:125.5,125.42 1 1
github.com/grokify/omnistorage/multi/writer.go:127.4,127.12 1 1
github.com/grokify/omnistorage/multi/writer.go:129.3,129.36 1 1
github.com/grokify/omnistorage/multi/writer.go:133.2,133.64 1 1
github.com/grokify/omnistorage/multi/writer.go:133.64,134.30 1 1
github.com/grokify/omnistorage/multi/writer.go:134.30,136.4 1 1
github.com/grokify/omnistorage/multi/writer.go:137.3,137.94 1 1
github.com/grokify/omnistorage/multi/writer.go:140.2,140.23 1 1
github.com/grokify/omnistorage/multi/writer.go:140.23,142.3 1 0
github.com/grokify/omnistorage/multi/writer.go:144.2,148.8 1 1
github.com/grokify/omnistorage/multi/writer.go:152.33,156.2 3 1
github.com/grokify/omnistorage/multi/writer.go:168.63,172.14 3 1
github.com/grokify/omnistorage/multi/writer.go:172.14,174.3 1 1
github.com/grokify/omnistorage/multi/writer.go:176.2,182.30 2 1
github.com/grokify/omnistorage/multi/writer.go:182.30,184.18 2 1
github.com/grokify/omnistorage/multi/writer.go:184.18,186.26 2 0
github.com/grokify/omnistorage/multi/writer.go:186.26,188.5 1 0
github.com/grokify/omnistorage/multi/writer.go:189.9,191.22 2 1
github.com/grokify/omnistorage/multi/writer.go:191.22,193.5 1 1
github.com/grokify/omnistorage/multi/writer.go:198.2,198.63 1 1
github.com/grokify/omnistorage/multi/writer.go:198.63,200.3 1 0
github.com/grokify/omnistorage/multi/writer.go:202.2,202.23 1 1
github.com/grokify/omnistorage/multi/writer.go:202.23,204.3 1 0
github.com/grokify/omnistorage/multi/writer.go:207.2,207.18 1 1
github.com/grokify/omnistorage/multi/writer.go:211.42,215.14 3 1
github.com/grokify/omnistorage/multi/writer.go:215.14,217.3 1 1
github.com/grokify/omnistorage/multi/writer.go:218.2,221.30 3 1
github.com/grokify/omnistorage/multi/writer.go:221.30,222.35 1 1
github.com/grokify/omnistorage/multi/writer.go:222.35,224.4 1 0
github.com/grokify/omnistorage/multi/writer.go:227.2,227.24 1 1
github.com/grokify/omnistorage/multi/writer.go:227.24,229.3 1 0
github.com/grokify/omnistorage/multi/writer.go:230.2,230.12 1 1
github.com/grokify/omnistorage/multi/writer.go:239.37,240.24 1 1
github.com/grokify/omnistorage/multi/writer.go:240.24,242.3 1 1
github.com/grokify/omnistorage/multi/writer.go:243.2,243.24 1 1
github.com/grokify/omnistorage/multi/writer.go:243.24,245.3 1 1
github.com/grokify/omnistorage/multi/writer.go:246.2,246.51 1 1
github.com/grokify/omnistorage/multi/writer.go:250.37,251.23 1 1
github.com/grokify/omnistorage/multi/writer.go:251.23,253.3 1 1
github.com/grokify/omnistorage/multi/writer.go:254.2,254.12 1 1
github.com/grokify/omnistorage/multi/writer.go:258.36,260.2 1 1
github.com/grokify/omnistorage/backend/s3/backend.go:48.13,50.2 1 1
github.com/grokify/omnistorage/backend/s3/backend.go:68.40,69.39 1 0
github.com/grokify/omnistorage/backend/s3/backend.go:69.39,71.3 1 0
github.com/grokify/omnistorage/backend/s3/backend.go:74.2,74.23 1 0
github.com/grokify/omnistorage/backend/s3/backend.go:74.23,76.3 1 0
github.com/grokify/omnistorage/backend/s3/backend.go:77.2,77.26 1 0
github.com/grokify/omnistorage/backend/s3/backend.go:77.26,79.3 1 0
github.com/grokify/omnistorage/backend/s3/backend.go:82.2,85.22 2 0
github.com/grokify/omnistorage/backend/s3/backend.go:85.22,87.3 1 0
github.com/grokify/omnistorage/backend/s3/backend.go:90.2,90.56 1 0
github.com/grokify/omnistorage/backend/s3/backend.go:90.56,97.3 2 0
github.com/grokify/omnistorage/backend/s3/backend.go:100.2,101.16 2 0
github.com/grokify/omnistorage/backend/s3/backend.go:101.16,103.3 1 0
github.com/grokify/omnistorage/backend/s3/backend.go:106.2,109.24 2 0
github.com/grokify/omnistorage/backend/s3/backend.go:109.24,110.51 1 0
github.com/grokify/omnistorage/backend/s3/backend.go:110.51,112.4 1 0
github.com/grokify/omnistorage/backend/s3/backend.go:116.2,116.22 1 0
github.com/grokify/omnistorage/backend/s3/backend.go:116.22,117.51 1 0
github.com/grokify/omnistorage/backend/s3/backend.go:117.51,119.4 1 0
github.com/grokify/omnistorage/backend/s3/backend.go:123.2,126.68 2 0
github.com/grokify/omnistorage/backend/s3/backend.go:126.68,129.3 2 0
github.com/grokify/omnistorage/backend/s3/backend.go:131.2,131.74 1 0
github.com/grokify/omnistorage/backend/s3/backend.go:131.74,134.3 2 0
github.com/grokify/omnistorage/backend/s3/backend.go:136.2,141.8 1 0
github.com/grokify/omnistorage/backend/s3/backend.go:146.78,149.2 2 0
github.com/grokify/omnistorage/backend/s3/backend.go:152.118,153.40 1 0
github.com/grokify/omnistorage/backend/s3/backend.go:153.40,155.3 1 0
github.com/grokify/omnistorage/backend/s3/backend.go:157.2,157.34 1 0
github.com/grokify/omnistorage/backend/s3/backend.go:157.34,159.3 1 0
github.com/grokify/omnistorage/backend/s3/backend.go:161.2,171.8 3 0
github.com/grokify/omnistorage/backend/s3/backend.go:175.117,176.40 1 0
github.com/grokify/omnistorage/backend/s3/backend.go:176.40,178.3 1 0
github.com/grokify/omnistorage/backend/s3/backend.go:180.2,180.34 1 0
github.com/grokify/omnistorage/backend/s3/backend.go:180.34,182.3 1 0
github.com/grokify/omnistorage/backend/s3/backend.go:184.2,194.37 4 0
github.com/grokify/omnistorage/backend/s3/backend.go:194.37,196.20 2 0
github.com/grokify/omnistorage/backend/s3/backend.go:196.20,198.4 1 0
github.com/grokify/omnistorage/backend/s3/backend.go:198.9,200.4 1 0
github.com/grokify/omnistorage/backend/s3/backend.go:201.3,201.40 1 0
github.com/grokify/omnistorage/backend/s3/backend.go:205.2,206.16 2 0
github.com/grokify/omnistorage/backend/s3/backend.go:206.16,208.3 1 0
github.com/grokify/omnistorage/backend/s3/backend.go:210.2,210.25 1 0
github.com/grokify/omnistorage/backend/s3/backend.go:214.71,215.40 1 0
github.com/grokify/omnistorage/backend/s3/backend.go:215.40,217.3 1 0
github.com/grokify/omnistorage/backend/s3/backend.go:219.2,219.34 1 0
github.com/grokify/omnistorage/backend/s3/backend.go:219.34,221.3 1 0
github.com/grokify/omnistorage/backend/s3/backend.go:223.2,230.16 3 0
github.com/grokify/omnistorage/backend/s3/backend.go:230.16,232.27 2 0
github.com/grokify/omnistorage/backend/s3/backend.go:232.27,234.4 1 0
github.com/grokify/omnistorage/backend/s3/backend.go:236.3,237.30 2 0
github.com/grokify/omnistorage/backend/s3/backend.go:237.30,238.77 1 0
github.com/grokify/omnistorage/backend/s3/backend.go:238.77,240.5 1 0
github.com/grokify/omnistorage/backend/s3/backend.go:242.3,242.41 1 0
github.com/grokify/omnistorage/backend/s3/backend.go:245.2,245.18 1 0
github.com/grokify/omnistorage/backend/s3/backend.go:249.63,250.40 1 0
github.com/grokify/omnistorage/backend/s3/backend.go:250.40,252.3 1 0
github.com/grokify/omnistorage/backend/s3/backend.go:254.2,254.34 1 0
github.com/grokify/omnistorage/backend/s3/backend.go:254.34,256.3 1 0
github.com/grokify/omnistorage/backend/s3/backend.go:258.2,265.16 3 0
github.com/grokify/omnistorage/backend/s3/backend.go:265.16,268.27 2 0
github.com/grokify/omnistorage/backend/s3/backend.go:268.27,270.4 1 0
github.com/grokify/omnistorage/backend/s3/backend.go:271.3,271.34 1 0
github.com/grokify/omnistorage/backend/s3/backend.go:274.2,274.12 1 0
github.com/grokify/omnistorage/backend/s3/backend.go:278.78,279.40 1 0
github.com/grokify/omnistorage/backend/s3/backend.go:279.40,281.3 1 0
github.com/grokify/omnistorage/backend/s3/backend.go:283.2,283.34 1 0
github.com/grokify/omnistorage/backend/s3/backend.go:283.34,285.3 1 0
github.com/grokify/omnistorage/backend/s3/backend.go:287.2,295.31 4 0
github.com/grokify/omnistorage/backend/s3/backend.go:295.31,296.35 1 0
github.com/grokify/omnistorage/backend/s3/backend.go:296.35,298.4 1 0
github.com/grokify/omnistorage/backend/s3/backend.go:300.3,301.17 2 0
github.com/grokify/omnistorage/backend/s3/backend.go:301.17,303.4 1 0
github.com/grokify/omnistorage/backend/s3/backend.go:305.3,305.37 1 0
github.com/grokify/omnistorage/backend/s3/backend.go:305.37,306.22 1 0
github.com/grokify/omnistorage/backend/s3/backend.go:306.22,307.13 1 0
github.com/grokify/omnistorage/backend/s3/backend.go:310.4,312.21 3 0
github.com/grokify/omnistorage/backend/s3/backend.go:312.21,314.5 1 0
github.com/grokify/omnistorage/backend/s3/backend.go:318.2,318.19 1 0
github.com/grokify/omnistorage/backend/s3/backend.go:322.33,328.2 4 0
github.com/grokify/omnistorage/backend/s3/backend.go:331.87,332.40 1 0
github.com/grokify/omnistorage/backend/s3/backend.go:332.40,334.3 1 0
github.com/grokify/omnistorage/backend/s3/backend.go:336.2,336.34 1 0
github.com/grokify/omnistorage/backend/s3/backend.go:336.34,338.3 1 0
github.com/grokify/omnistorage/backend/s3/backend.go:340.2,347.16 3 0
github.com/grokify/omnistorage/backend/s3/backend.go:347.16,349.3 1 0
github.com/grokify/omnistorage/backend/s3/backend.go:352.2,353.33 2 0
github.com/grokify/omnistorage/backend/s3/backend.go:353.33,355.3 1 0
github.com/grokify/omnistorage/backend/s3/backend.go:358.2,359.32 2 0
github.com/grokify/omnistorage/backend/s3/backend.go:359.32,361.3 1 0
github.com/grokify/omnistorage/backend/s3/backend.go:364.2,365.31 2 0
github.com/grokify/omnistorage/backend/s3/backend.go:365.31,367.3 1 0
github.com/grokify/omnistorage/backend/s3/backend.go:370.2,371.24 2 0
github.com/grokify/omnistorage/backend/s3/backend.go:371.24,374.35 2 0
github.com/grokify/omnistorage/backend/s3/backend.go:374.35,376.4 1 0
github.com/grokify/omnistorage/backend/s3/backend.go:379.2,386.8 1 0
github.com/grokify/omnistorage/backend/s3/backend.go:390.62,391.40 1 0
github.com/grokify/omnistorage/backend/s3/backend.go:391.40,393.3 1 0
github.com/grokify/omnistorage/backend/s3/backend.go:395.2,395.34 1 0
github.com/grokify/omnistorage/backend/s3/backend.go:395.34,397.3 1 0
github.com/grokify/omnistorage/backend/s3/backend.go:402.2,403.34 2 0
github.com/grokify/omnistorage/backend/s3/backend.go:403.34,405.3 1 0
github.com/grokify/omnistorage/backend/s3/backend.go:407.2,414.16 2 0
github.com/grokify/omnistorage/backend/s3/backend.go:414.16,416.3 1 0
github.com/grokify/omnistorage/backend/s3/backend.go:418.2,418.12 1 0
github.com/grokify/omnistorage/backend/s3/backend.go:422.62,423.40 1 0
github.com/grokify/omnistorage/backend/s3/backend.go:423.40,425.3 1 0
github.com/grokify/omnistorage/backend/s3/backend.go:427.2,427.34 1 0
github.com/grokify/omnistorage/backend/s3/backend.go:427.34,429.3 1 0
github.com/grokify/omnistorage/backend/s3/backend.go:431.2,432.34 2 0
github.com/grokify/omnistorage/backend/s3/backend.go:432.34,434.3 1 0
github.com/grokify/omnistorage/backend/s3/backend.go:437.2,442.16 2 0
github.com/grokify/omnistorage/backend/s3/backend.go:442.16,444.3 1 0
github.com/grokify/omnistorage/backend/s3/backend.go:447.2,448.38 2 0
github.com/grokify/omnistorage/backend/s3/backend.go:448.38,449.40 1 0
github.com/grokify/omnistorage/backend/s3/backend.go:449.40,451.4 1 0
github.com/grokify/omnistorage/backend/s3/backend.go:454.2,454.15 1 0
github.com/grokify/omnistorage/backend/s3/backend.go:454.15,456.3 1 0
github.com/grokify/omnistorage/backend/s3/backend.go:459.2,464.16 2 0
github.com/grokify/omnistorage/backend/s3/backend.go:464.16,466.3 1 0
github.com/grokify/omnistorage/backend/s3/backend.go:468.2,468.12 1 0
github.com/grokify/omnistorage/backend/s3/backend.go:472.68,473.40 1 0
github.com/grokify/omnistorage/backend/s3/backend.go:473.40,475.3 1 0
github.com/grokify/omnistorage/backend/s3/backend.go:477.2,477.34 1 0
github.com/grokify/omnistorage/backend/s3/backend.go:477.34,479.3 1 0
github.com/grokify/omnistorage/backend/s3/backend.go:481.2,493.16 5 0
github.com/grokify/omnistorage/backend/s3/backend.go:493.16,495.3 1 0
github.com/grokify/omnistorage/backend/s3/backend.go:497.2,497.12 1 0
github.com/grokify/omnistorage/backend/s3/backend.go:501.68,502.40 1 0
github.com/grokify/omnistorage/backend/s3/backend.go:502.40,504.3 1 0
github.com/grokify/omnistorage/backend/s3/backend.go:506.2,506.34 1 0
github.com/grokify/omnistorage/backend/s3/backend.go:506.34,508.3 1 0
github.com/grokify/omnistorage/backend/s3/backend.go:511.2,511.46 1 0
github.com/grokify/omnistorage/backend/s3/backend.go:511.46,513.3 1 0
github.com/grokify/omnistorage/backend/s3/backend.go:516.2,516.27 1 0
github.com/grokify/omnistorage/backend/s3/backend.go:520.51,534.2 1 1
github.com/grokify/omnistorage/backend/s3/backend.go:537.44,538.27 1 1
github.com/grokify/omnistorage/backend/s3/backend.go:538.27,540.3 1 1
github.com/grokify/omnistorage/backend/s3/backend.go:541.2,541.38 1 1
github.com/grokify/omnistorage/backend/s3/backend.go:545.39,549.14 3 0
github.com/grokify/omnistorage/backend/s3/backend.go:549.14,551.3 1 0
github.com/grokify/omnistorage/backend/s3/backend.go:552.2,552.12 1 0
github.com/grokify/omnistorage/backend/s3/backend.go:556.64,557.16 1 0
github.com/grokify/omnistorage/backend/s3/backend.go:557.16,559.3 1 0
github.com/grokify/omnistorage/backend/s3/backend.go:562.2,563.26 2 0
github.com/grokify/omnistorage/backend/s3/backend.go:563.26,565.3 1 0
github.com/grokify/omnistorage/backend/s3/backend.go:567.2,568.26 2 0
github.com/grokify/omnistorage/backend/s3/backend.go:568.26,570.3 1 0
github.com/grokify/omnistorage/backend/s3/backend.go:572.2,573.26 2 0
github.com/grokify/omnistorage/backend/s3/backend.go:573.26,575.3 1 0
github.com/grokify/omnistorage/backend/s3/backend.go:578.2,579.29 2 0
github.com/grokify/omnistorage/backend/s3/backend.go:579.29,580.29 1 0
github.com/grokify/omnistorage/backend/s3/backend.go:581.32,582.34 1 0
github.com/grokify/omnistorage/backend/s3/backend.go:583.23,584.42 1 0
github.com/grokify/omnistorage/backend/s3/backend.go:585.54,586.42 1 0
github.com/grokify/omnistorage/backend/s3/backend.go:590.2,590.34 1 0
github.com/grokify/omnistorage/backend/s3/backend.go:605.55,609.14 3 0
github.com/grokify/omnistorage/backend/s3/backend.go:609.14,611.3 1 0
github.com/grokify/omnistorage/backend/s3/backend.go:613.2,613.26 1 0
github.com/grokify/omnistorage/backend/s3/backend.go:616.34,620.14 3 0
github.com/grokify/omnistorage/backend/s3/backend.go:620.14,622.3 1 0
github.com/grokify/omnistorage/backend/s3/backend.go:623.2,632.25 3 0
github.com/grokify/omnistorage/backend/s3/backend.go:632.25,634.3 1 0
github.com/grokify/omnistorage/backend/s3/backend.go:636.2,636.25 1 0
github.com/grokify/omnistorage/backend/s3/backend.go:636.25,638.3 1 0
github.com/grokify/omnistorage/backend/s3/backend.go:641.2,642.16 2 0
github.com/grokify/omnistorage/backend/s3/backend.go:642.16,644.3 1 0
github.com/grokify/omnistorage/backend/s3/backend.go:646.2,646.12 1 0
github.com/grokify/omnistorage/backend/s3/options.go:61.29,66.2 1 1
github.com/grokify/omnistorage/backend/s3/options.go:79.29,83.54 2 0
github.com/grokify/omnistorage/backend/s3/options.go:83.54,85.3 1 0
github.com/grokify/omnistorage/backend/s3/options.go:85.8,85.53 1 0
github.com/grokify/omnistorage/backend/s3/options.go:85.53,87.3 1 0
github.com/grokify/omnistorage/backend/s3/options.go:90.2,90.54 1 0
github.com/grokify/omnistorage/backend/s3/options.go:90.54,92.3 1 0
github.com/grokify/omnistorage/backend/s3/options.go:92.8,92.50 1 0
github.com/grokify/omnistorage/backend/s3/options.go:92.50,94.3 1 0
github.com/grokify/omnistorage/backend/s3/options.go:94.8,94.58 1 0
github.com/grokify/omnistorage/backend/s3/options.go:94.58,96.3 1 0
github.com/grokify/omnistorage/backend/s3/options.go:99.2,99.56 1 0
github.com/grokify/omnistorage/backend/s3/options.go:99.56,101.3 1 0
github.com/grokify/omnistorage/backend/s3/options.go:104.2,104.54 1 0
github.com/grokify/omnistorage/backend/s3/options.go:104.54,106.3 1 0
github.com/grokify/omnistorage/backend/s3/options.go:109.2,114.78 4 0
github.com/grokify/omnistorage/backend/s3/options.go:114.78,116.3 1 0
github.com/grokify/omnistorage/backend/s3/options.go:119.2,119.75 1 0
github.com/grokify/omnistorage/backend/s3/options.go:119.75,121.3 1 0
github.com/grokify/omnistorage/backend/s3/options.go:123.2,123.15 1 0
github.com/grokify/omnistorage/backend/s3/options.go:139.48,142.30 2 1
github.com/grokify/omnistorage/backend/s3/options.go:142.30,144.3 1 1
github.com/grokify/omnistorage/backend/s3/options.go:145.2,145.30 1 1
github.com/grokify/omnistorage/backend/s3/options.go:145.30,147.3 1 1
github.com/grokify/omnistorage/backend/s3/options.go:148.2,148.32 1 1
github.com/grokify/omnistorage/backend/s3/options.go:148.32,150.3 1 1
github.com/grokify/omnistorage/backend/s3/options.go:151.2,151.30 1 1
github.com/grokify/omnistorage/backend/s3/options.go:151.30,153.3 1 1
github.com/grokify/omnistorage/backend/s3/options.go:154.2,154.37 1 1
github.com/grokify/omnistorage/backend/s3/options.go:154.37,156.3 1 1
github.com/grokify/omnistorage/backend/s3/options.go:157.2,157.41 1 1
github.com/grokify/omnistorage/backend/s3/options.go:157.41,159.3 1 1
github.com/grokify/omnistorage/backend/s3/options.go:160.2,160.37 1 1
github.com/grokify/omnistorage/backend/s3/options.go:160.37,162.3 1 0
github.com/grokify/omnistorage/backend/s3/options.go:163.2,163.67 1 1
github.com/grokify/omnistorage/backend/s3/options.go:163.67,165.3 1 1
github.com/grokify/omnistorage/backend/s3/options.go:166.2,166.64 1 1
github.com/grokify/omnistorage/backend/s3/options.go:166.64,168.3 1 0
github.com/grokify/omnistorage/backend/s3/options.go:169.2,169.33 1 1
github.com/grokify/omnistorage/backend/s3/options.go:169.33,170.71 1 1
github.com/grokify/omnistorage/backend/s3/options.go:170.71,172.4 1 1
github.com/grokify/omnistorage/backend/s3/options.go:174.2,174.35 1 1
github.com/grokify/omnistorage/backend/s3/options.go:174.35,175.53 1 1
github.com/grokify/omnistorage/backend/s3/options.go:175.53,177.4 1 1
github.com/grokify/omnistorage/backend/s3/options.go:180.2,180.15 1 1
github.com/grokify/omnistorage/backend/s3/options.go:184.34,185.20 1 1
github.com/grokify/omnistorage/backend/s3/options.go:185.20,187.3 1 1
github.com/grokify/omnistorage/backend/s3/options.go:188.2,188.12 1 1
github.com/grokify/omnistorage/compress/zstd/reader.go:19.50,21.16 2 1
github.com/grokify/omnistorage/compress/zstd/reader.go:21.16,23.3 1 0
github.com/grokify/omnistorage/compress/zstd/reader.go:24.2,27.8 1 1
github.com/grokify/omnistorage/compress/zstd/reader.go:32.83,34.16 2 1
github.com/grokify/omnistorage/compress/zstd/reader.go:34.16,36.3 1 0
github.com/grokify/omnistorage/compress/zstd/reader.go:37.2,40.8 1 1
github.com/grokify/omnistorage/compress/zstd/reader.go:44.52,48.14 3 1
github.com/grokify/omnistorage/compress/zstd/reader.go:48.14,50.3 1 1
github.com/grokify/omnistorage/compress/zstd/reader.go:52.2,52.21 1 1
github.com/grokify/omnistorage/compress/zstd/reader.go:56.32,60.14 3 1
github.com/grokify/omnistorage/compress/zstd/reader.go:60.14,62.3 1 0
github.com/grokify/omnistorage/compress/zstd/reader.go:64.2,70.25 3 1
github.com/grokify/omnistorage/compress/zstd/writer.go:45.59,46.11 1 1
github.com/grokify/omnistorage/compress/zstd/writer.go:47.20,48.27 1 1
github.com/grokify/omnistorage/compress/zstd/writer.go:49.20,50.27 1 1
github.com/grokify/omnistorage/compress/zstd/writer.go:51.30,52.37 1 1
github.com/grokify/omnistorage/compress/zstd/writer.go:53.28,54.35 1 1
github.com/grokify/omnistorage/compress/zstd/writer.go:55.10,56.27 1 1
github.com/grokify/omnistorage/compress/zstd/writer.go:69.51,71.2 1 1
github.com/grokify/omnistorage/compress/zstd/writer.go:74.80,76.16 2 1
github.com/grokify/omnistorage/compress/zstd/writer.go:76.16,78.3 1 0
github.com/grokify/omnistorage/compress/zstd/writer.go:79.2,82.8 1 1
github.com/grokify/omnistorage/compress/zstd/writer.go:87.84,89.16 2 1
github.com/grokify/omnistorage/compress/zstd/writer.go:89.16,91.3 1 0
github.com/grokify/omnistorage/compress/zstd/writer.go:92.2,95.8 1 1
github.com/grokify/omnistorage/compress/zstd/writer.go:99.53,103.14 3 1
github.com/grokify/omnistorage/compress/zstd/writer.go:103.14,105.3 1 1
github.com/grokify/omnistorage/compress/zstd/writer.go:107.2,107.22 1 1
github.com/grokify/omnistorage/compress/zstd/writer.go:113.32,117.14 3 1
github.com/grokify/omnistorage/compress/zstd/writer.go:117.14,119.3 1 1
github.com/grokify/omnistorage/compress/zstd/writer.go:121.2,121.21 1 1
github.com/grokify/omnistorage/compress/zstd/writer.go:126.32,130.14 3 1
github.com/grokify/omnistorage/compress/zstd/writer.go:130.14,132.3 1 1
github.com/grokify/omnistorage/compress/zstd/writer.go:134.2,137.37 2 1
github.com/grokify/omnistorage/compress/zstd/writer.go:137.37,140.3 2 0
github.com/grokify/omnistorage/compress/zstd/writer.go:142.2,142.25 1 1
github.com/grokify/omnistorage/sync/check.go:21.124,26.16 3 1
github.com/grokify/omnistorage/sync/check.go:26.16,28.3 1 0
github.com/grokify/omnistorage/sync/check.go:31.2,32.16 2 1
github.com/grokify/omnistorage/sync/check.go:32.16,34.3 1 0
github.com/grokify/omnistorage/sync/check.go:37.2,38.29 2 1
github.com/grokify/omnistorage/sync/check.go:38.29,39.15 1 1
github.com/grokify/omnistorage/sync/check.go:39.15,41.4 1 1
github.com/grokify/omnistorage/sync/check.go:45.2,45.35 1 1
github.com/grokify/omnistorage/sync/check.go:45.35,46.20 1 1
github.com/grokify/omnistorage/sync/check.go:46.20,47.12 1 0
github.com/grokify/omnistorage/sync/check.go:50.3,51.14 2 1
github.com/grokify/omnistorage/sync/check.go:51.14,53.12 2 1
github.com/grokify/omnistorage/sync/check.go:56.3,60.17 3 1
github.com/grokify/omnistorage/sync/check.go:60.17,66.12 2 0
github.com/grokify/omnistorage/sync/check.go:69.3,69.11 1 1
github.com/grokify/omnistorage/sync/check.go:69.11,71.4 1 1
github.com/grokify/omnistorage/sync/check.go:71.9,73.4 1 1
github.com/grokify/omnistorage/sync/check.go:77.2,77.24 1 1
github.com/grokify/omnistorage/sync/check.go:77.24,79.3 1 1
github.com/grokify/omnistorage/sync/check.go:81.2,81.20 1 1
github.com/grokify/omnistorage/sync/check.go:85.156,89.54 1 1
github.com/grokify/omnistorage/sync/check.go:89.54,91.3 1 1
github.com/grokify/omnistorage/sync/check.go:94.2,94.63 1 1
github.com/grokify/omnistorage/sync/check.go:94.63,96.3 1 0
github.com/grokify/omnistorage/sync/check.go:99.2,99.40 1 1
github.com/grokify/omnistorage/sync/check.go:99.40,101.19 2 1
github.com/grokify/omnistorage/sync/check.go:101.19,103.4 1 1
github.com/grokify/omnistorage/sync/check.go:105.3,105.21 1 1
github.com/grokify/omnistorage/sync/check.go:105.21,107.4 1 0
github.com/grokify/omnistorage/sync/check.go:111.2,111.19 1 1
github.com/grokify/omnistorage/sync/check.go:111.19,113.3 1 1
github.com/grokify/omnistorage/sync/check.go:116.2,116.18 1 1
github.com/grokify/omnistorage/sync/check.go:120.143,125.16 4 1
github.com/grokify/omnistorage/sync/check.go:125.16,127.3 1 0
github.com/grokify/omnistorage/sync/check.go:128.2,128.15 1 1
github.com/grokify/omnistorage/sync/check.go:128.15,128.40 1 1
github.com/grokify/omnistorage/sync/check.go:130.2,131.16 2 1
github.com/grokify/omnistorage/sync/check.go:131.16,133.3 1 0
github.com/grokify/omnistorage/sync/check.go:134.2,134.15 1 1
github.com/grokify/omnistorage/sync/check.go:134.15,134.40 1 1
github.com/grokify/omnistorage/sync/check.go:137.2,140.6 3 1
github.com/grokify/omnistorage/sync/check.go:140.6,145.19 3 1
github.com/grokify/omnistorage/sync/check.go:145.19,147.4 1 0
github.com/grokify/omnistorage/sync/check.go:149.3,149.29 1 1
github.com/grokify/omnistorage/sync/check.go:149.29,150.30 1 1
github.com/grokify/omnistorage/sync/check.go:150.30,152.5 1 1
github.com/grokify/omnistorage/sync/check.go:156.3,159.23 3 1
github.com/grokify/omnistorage/sync/check.go:159.23,161.4 1 1
github.com/grokify/omnistorage/sync/check.go:162.3,162.23 1 0
github.com/grokify/omnistorage/sync/check.go:162.23,164.4 1 0
github.com/grokify/omnistorage/sync/check.go:167.3,167.31 1 0
github.com/grokify/omnistorage/sync/check.go:167.31,169.4 1 0
github.com/grokify/omnistorage/sync/check.go:170.3,170.31 1 0
github.com/grokify/omnistorage/sync/check.go:170.31,172.4 1 0
github.com/grokify/omnistorage/sync/check.go:177.122,179.16 2 1
github.com/grokify/omnistorage/sync/check.go:179.16,181.3 1 0
github.com/grokify/omnistorage/sync/check.go:183.2,185.40 2 1
github.com/grokify/omnistorage/sync/check.go:185.40,190.3 1 1
github.com/grokify/omnistorage/sync/check.go:192.2,192.39 1 1
github.com/grokify/omnistorage/sync/check.go:192.39,197.3 1 1
github.com/grokify/omnistorage/sync/check.go:199.2,199.40 1 1
github.com/grokify/omnistorage/sync/check.go:199.40,204.3 1 1
github.com/grokify/omnistorage/sync/check.go:206.2,206.21 1 1
github.com/grokify/omnistorage/sync/copy.go:24.118,30.16 4 1
github.com/grokify/omnistorage/sync/copy.go:30.16,32.3 1 0
github.com/grokify/omnistorage/sync/copy.go:35.2,36.16 2 1
github.com/grokify/omnistorage/sync/copy.go:36.16,38.3 1 0
github.com/grokify/omnistorage/sync/copy.go:40.2,42.18 2 1
github.com/grokify/omnistorage/sync/copy.go:42.18,44.26 1 1
github.com/grokify/omnistorage/sync/copy.go:44.26,46.18 2 1
github.com/grokify/omnistorage/sync/copy.go:46.18,48.5 1 0
github.com/grokify/omnistorage/sync/copy.go:49.4,49.17 1 1
github.com/grokify/omnistorage/sync/copy.go:49.17,53.5 3 1
github.com/grokify/omnistorage/sync/copy.go:56.3,56.27 1 1
github.com/grokify/omnistorage/sync/copy.go:56.27,62.4 1 1
github.com/grokify/omnistorage/sync/copy.go:64.3,64.19 1 1
github.com/grokify/omnistorage/sync/copy.go:64.19,65.68 1 1
github.com/grokify/omnistorage/sync/copy.go:65.68,73.5 3 1
github.com/grokify/omnistorage/sync/copy.go:76.3,79.49 2 1
github.com/grokify/omnistorage/sync/copy.go:79.49,80.55 1 1
github.com/grokify/omnistorage/sync/copy.go:80.55,82.5 1 1
github.com/grokify/omnistorage/sync/copy.go:85.3,85.27 1 1
github.com/grokify/omnistorage/sync/copy.go:85.27,91.4 1 1
github.com/grokify/omnistorage/sync/copy.go:93.3,94.21 2 1
github.com/grokify/omnistorage/sync/copy.go:98.2,99.52 2 1
github.com/grokify/omnistorage/sync/copy.go:106.97,108.2 1 1
github.com/grokify/omnistorage/sync/copy.go:114.170,116.30 1 1
github.com/grokify/omnistorage/sync/copy.go:116.30,117.23 1 1
github.com/grokify/omnistorage/sync/copy.go:117.23,119.5 1 1
github.com/grokify/omnistorage/sync/copy.go:122.2,122.52 1 1
github.com/grokify/omnistorage/sync/copy.go:127.99,129.16 2 1
github.com/grokify/omnistorage/sync/copy.go:129.16,130.13 1 0
github.com/grokify/omnistorage/sync/copy.go:132.2,132.23 1 1
github.com/grokify/omnistorage/sync/copy.go:132.23,133.26 1 1
github.com/grokify/omnistorage/sync/copy.go:135.2,135.15 1 1
github.com/grokify/omnistorage/sync/copy.go:139.131,141.23 2 1
github.com/grokify/omnistorage/sync/copy.go:141.23,143.3 1 1
github.com/grokify/omnistorage/sync/copy.go:145.2,146.16 2 1
github.com/grokify/omnistorage/sync/copy.go:146.16,148.3 1 0
github.com/grokify/omnistorage/sync/copy.go:150.2,151.16 2 1
github.com/grokify/omnistorage/sync/copy.go:151.16,154.3 2 0
github.com/grokify/omnistorage/sync/copy.go:156.2,156.23 1 1
github.com/grokify/omnistorage/sync/copy.go:161.123,163.2 1 1
github.com/grokify/omnistorage/sync/copy.go:167.114,169.16 2 1
github.com/grokify/omnistorage/sync/copy.go:169.16,171.3 1 0
github.com/grokify/omnistorage/sync/copy.go:172.2,172.15 1 1
github.com/grokify/omnistorage/sync/copy.go:172.15,172.37 1 1
github.com/grokify/omnistorage/sync/copy.go:174.2,174.32 1 1
github.com/grokify/omnistorage/sync/copy.go:179.105,181.16 1 1
github.com/grokify/omnistorage/sync/copy.go:181.16,182.72 1 0
github.com/grokify/omnistorage/sync/copy.go:182.72,184.4 1 0
github.com/grokify/omnistorage/sync/copy.go:188.2,188.50 1 1
github.com/grokify/omnistorage/sync/copy.go:194.122,200.16 4 1
github.com/grokify/omnistorage/sync/copy.go:200.16,202.3 1 0
github.com/grokify/omnistorage/sync/copy.go:204.2,204.26 1 1
github.com/grokify/omnistorage/sync/copy.go:204.26,209.3 1 0
github.com/grokify/omnistorage/sync/copy.go:211.2,211.29 1 1
github.com/grokify/omnistorage/sync/copy.go:211.29,212.10 1 1
github.com/grokify/omnistorage/sync/copy.go:213.21,215.28 2 0
github.com/grokify/omnistorage/sync/copy.go:216.11,216.11 0 1
github.com/grokify/omnistorage/sync/copy.go:220.3,221.48 2 1
github.com/grokify/omnistorage/sync/copy.go:221.48,223.45 2 1
github.com/grokify/omnistorage/sync/copy.go:223.45,225.5 1 1
github.com/grokify/omnistorage/sync/copy.go:227.3,229.27 2 1
github.com/grokify/omnistorage/sync/copy.go:229.27,236.4 1 0
github.com/grokify/omnistorage/sync/copy.go:238.3,238.26 1 1
github.com/grokify/omnistorage/sync/copy.go:238.26,240.14 2 0
github.com/grokify/omnistorage/sync/copy.go:240.14,242.13 2 0
github.com/grokify/omnistorage/sync/copy.go:246.3,246.19 1 1
github.com/grokify/omnistorage/sync/copy.go:246.19,247.66 1 1
github.com/grokify/omnistorage/sync/copy.go:247.66,253.67 2 0
github.com/grokify/omnistorage/sync/copy.go:253.67,256.6 2 0
github.com/grokify/omnistorage/sync/copy.go:257.5,257.13 1 0
github.com/grokify/omnistorage/sync/copy.go:261.3,261.18 1 1
github.com/grokify/omnistorage/sync/copy.go:264.2,264.26 1 1
github.com/grokify/omnistorage/sync/copy.go:264.26,269.3 1 0
github.com/grokify/omnistorage/sync/copy.go:271.2,272.20 2 1
github.com/grokify/omnistorage/sync/options.go:88.31,96.2 1 1
github.com/grokify/omnistorage/sync/options.go:173.33,175.2 1 1
github.com/grokify/omnistorage/sync/options.go:184.35,186.2 1 1
github.com/grokify/omnistorage/sync/options.go:207.37,209.2 1 1
github.com/grokify/omnistorage/sync/options.go:236.48,242.2 1 1
github.com/grokify/omnistorage/sync/options.go:245.56,247.19 1 1
github.com/grokify/omnistorage/sync/options.go:247.19,249.3 1 1
github.com/grokify/omnistorage/sync/options.go:252.2,252.55 1 1
github.com/grokify/omnistorage/sync/options.go:252.55,254.3 1 1
github.com/grokify/omnistorage/sync/options.go:257.2,257.46 1 1
github.com/grokify/omnistorage/sync/options.go:257.46,259.3 1 1
github.com/grokify/omnistorage/sync/options.go:262.2,262.22 1 1
github.com/grokify/omnistorage/sync/options.go:262.22,265.19 2 1
github.com/grokify/omnistorage/sync/options.go:265.19,267.4 1 0
github.com/grokify/omnistorage/sync/options.go:268.3,268.29 1 1
github.com/grokify/omnistorage/sync/options.go:268.29,270.4 1 1
github.com/grokify/omnistorage/sync/options.go:273.2,273.14 1 1
github.com/grokify/omnistorage/sync/ratelimit.go:20.80,26.2 1 1
github.com/grokify/omnistorage/sync/ratelimit.go:29.57,30.43 1 1
github.com/grokify/omnistorage/sync/ratelimit.go:30.43,33.3 1 1
github.com/grokify/omnistorage/sync/ratelimit.go:36.2,37.26 2 1
github.com/grokify/omnistorage/sync/ratelimit.go:37.26,39.3 1 0
github.com/grokify/omnistorage/sync/ratelimit.go:42.2,48.16 3 1
github.com/grokify/omnistorage/sync/ratelimit.go:48.16,50.3 1 1
github.com/grokify/omnistorage/sync/ratelimit.go:52.2,52.15 1 1
github.com/grokify/omnistorage/sync/ratelimit.go:67.56,68.25 1 1
github.com/grokify/omnistorage/sync/ratelimit.go:68.25,70.3 1 1
github.com/grokify/omnistorage/sync/ratelimit.go:71.2,76.3 1 1
github.com/grokify/omnistorage/sync/ratelimit.go:80.36,81.31 1 1
github.com/grokify/omnistorage/sync/ratelimit.go:81.31,83.3 1 0
github.com/grokify/omnistorage/sync/ratelimit.go:85.2,94.25 5 1
github.com/grokify/omnistorage/sync/ratelimit.go:94.25,106.3 6 1
github.com/grokify/omnistorage/sync/ratelimit.go:109.2,109.21 1 1
github.com/grokify/omnistorage/sync/ratelimit.go:113.44,114.25 1 1
github.com/grokify/omnistorage/sync/ratelimit.go:114.25,116.3 1 0
github.com/grokify/omnistorage/sync/ratelimit.go:118.2,122.30 4 1
github.com/grokify/omnistorage/sync/ratelimit.go:122.30,124.3 1 0
github.com/grokify/omnistorage/sync/ratelimit.go:129.33,137.30 6 1
github.com/grokify/omnistorage/sync/ratelimit.go:137.30,139.3 1 0
github.com/grokify/omnistorage/sync/retry.go:39.39,47.2 1 1
github.com/grokify/omnistorage/sync/retry.go:50.85,51.28 1 1
github.com/grokify/omnistorage/sync/retry.go:51.28,53.3 1 1
github.com/grokify/omnistorage/sync/retry.go:56.2,56.30 1 1
github.com/grokify/omnistorage/sync/retry.go:56.30,58.3 1 1
github.com/grokify/omnistorage/sync/retry.go:59.2,59.26 1 1
github.com/grokify/omnistorage/sync/retry.go:59.26,61.3 1 1
github.com/grokify/omnistorage/sync/retry.go:62.2,62.28 1 1
github.com/grokify/omnistorage/sync/retry.go:62.28,64.3 1 1
github.com/grokify/omnistorage/sync/retry.go:66.2,69.60 3 1
github.com/grokify/omnistorage/sync/retry.go:69.60,72.17 2 1
github.com/grokify/omnistorage/sync/retry.go:72.17,74.4 1 1
github.com/grokify/omnistorage/sync/retry.go:76.3,79.68 2 1
github.com/grokify/omnistorage/sync/retry.go:79.68,81.4 1 1
github.com/grokify/omnistorage/sync/retry.go:84.3,84.23 1 1
github.com/grokify/omnistorage/sync/retry.go:84.23,86.4 1 0
github.com/grokify/omnistorage/sync/retry.go:89.3,89.35 1 1
github.com/grokify/omnistorage/sync/retry.go:89.35,90.9 1 1
github.com/grokify/omnistorage/sync/retry.go:94.3,95.24 2 1
github.com/grokify/omnistorage/sync/retry.go:95.24,98.4 2 0
github.com/grokify/omnistorage/sync/retry.go:101.3,101.10 1 1
github.com/grokify/omnistorage/sync/retry.go:102.21,103.20 1 1
github.com/grokify/omnistorage/sync/retry.go:104.34,104.34 0 1
github.com/grokify/omnistorage/sync/retry.go:108.3,109.30 2 1
github.com/grokify/omnistorage/sync/retry.go:109.30,111.4 1 0
github.com/grokify/omnistorage/sync/retry.go:114.2,117.3 1 1
github.com/grokify/omnistorage/sync/retry.go:126.37,128.2 1 0
github.com/grokify/omnistorage/sync/retry.go:130.37,132.2 1 1
github.com/grokify/omnistorage/sync/retry.go:135.35,138.2 2 1
github.com/grokify/omnistorage/sync/retry.go:142.39,143.16 1 1
github.com/grokify/omnistorage/sync/retry.go:143.16,145.3 1 1
github.com/grokify/omnistorage/sync/retry.go:148.2,149.27 2 1
github.com/grokify/omnistorage/sync/retry.go:149.27,151.3 1 1
github.com/grokify/omnistorage/sync/retry.go:154.2,155.30 2 1
github.com/grokify/omnistorage/sync/retry.go:155.30,157.3 1 1
github.com/grokify/omnistorage/sync/retry.go:159.2,159.14 1 1
github.com/grokify/omnistorage/sync/sync.go:29.118,34.27 3 1
github.com/grokify/omnistorage/sync/sync.go:34.27,36.3 1 1
github.com/grokify/omnistorage/sync/sync.go:39.2,45.26 2 1
github.com/grokify/omnistorage/sync/sync.go:45.26,47.3 1 1
github.com/grokify/omnistorage/sync/sync.go:49.2,50.16 2 1
github.com/grokify/omnistorage/sync/sync.go:50.16,52.3 1 1
github.com/grokify/omnistorage/sync/sync.go:55.2,56.16 2 1
github.com/grokify/omnistorage/sync/sync.go:56.16,58.3 1 0
github.com/grokify/omnistorage/sync/sync.go:61.2,62.29 2 1
github.com/grokify/omnistorage/sync/sync.go:62.29,64.3 1 1
github.com/grokify/omnistorage/sync/sync.go:67.2,67.26 1 1
github.com/grokify/omnistorage/sync/sync.go:67.26,69.3 1 1
github.com/grokify/omnistorage/sync/sync.go:71.2,79.35 4 1
github.com/grokify/omnistorage/sync/sync.go:79.35,80.20 1 1
github.com/grokify/omnistorage/sync/sync.go:80.20,81.12 1 0
github.com/grokify/omnistorage/sync/sync.go:84.3,85.14 2 1
github.com/grokify/omnistorage/sync/sync.go:85.14,88.4 1 1
github.com/grokify/omnistorage/sync/sync.go:88.9,88.67 1 1
github.com/grokify/omnistorage/sync/sync.go:88.67,90.28 1 1
github.com/grokify/omnistorage/sync/sync.go:90.28,92.5 1 1
github.com/grokify/omnistorage/sync/sync.go:92.10,94.5 1 0
github.com/grokify/omnistorage/sync/sync.go:95.9,97.4 1 1
github.com/grokify/omnistorage/sync/sync.go:98.3,98.31 1 1
github.com/grokify/omnistorage/sync/sync.go:102.2,102.22 1 1
github.com/grokify/omnistorage/sync/sync.go:102.22,103.28 1 1
github.com/grokify/omnistorage/sync/sync.go:103.28,104.16 1 1
github.com/grokify/omnistorage/sync/sync.go:104.16,106.5 1 1
github.com/grokify/omnistorage/sync/sync.go:111.2,112.32 2 1
github.com/grokify/omnistorage/sync/sync.go:112.32,114.3 1 1
github.com/grokify/omnistorage/sync/sync.go:117.2,117.26 1 1
github.com/grokify/omnistorage/sync/sync.go:117.26,123.3 1 1
github.com/grokify/omnistorage/sync/sync.go:125.2,140.40 10 1
github.com/grokify/omnistorage/sync/sync.go:140.40,142.13 2 1
github.com/grokify/omnistorage/sync/sync.go:142.13,144.31 2 1
github.com/grokify/omnistorage/sync/sync.go:144.31,145.12 1 1
github.com/grokify/omnistorage/sync/sync.go:146.27,147.12 1 0
github.com/grokify/omnistorage/sync/sync.go:148.13,148.13 0 1
github.com/grokify/omnistorage/sync/sync.go:151.5,154.29 3 1
github.com/grokify/omnistorage/sync/sync.go:154.29,163.6 1 1
github.com/grokify/omnistorage/sync/sync.go:165.5,165.21 1 1
github.com/grokify/omnistorage/sync/sync.go:165.21,167.20 2 1
github.com/grokify/omnistorage/sync/sync.go:167.20,176.21 5 0
github.com/grokify/omnistorage/sync/sync.go:176.21,179.8 2 0
github.com/grokify/omnistorage/sync/sync.go:180.7,180.15 1 0
github.com/grokify/omnistorage/sync/sync.go:185.5,185.24 1 1
github.com/grokify/omnistorage/sync/sync.go:185.24,187.6 1 1
github.com/grokify/omnistorage/sync/sync.go:187.11,189.6 1 1
github.com/grokify/omnistorage/sync/sync.go:190.5,191.28 2 1
github.com/grokify/omnistorage/sync/sync.go:197.1,198.32 1 1
github.com/grokify/omnistorage/sync/sync.go:198.32,199.10 1 1
github.com/grokify/omnistorage/sync/sync.go:200.25,201.18 1 0
github.com/grokify/omnistorage/sync/sync.go:202.25,202.25 0 1
github.com/grokify/omnistorage/sync/sync.go:205.2,215.22 6 1
github.com/grokify/omnistorage/sync/sync.go:215.22,218.3 2 0
github.com/grokify/omnistorage/sync/sync.go:221.2,221.43 1 1
github.com/grokify/omnistorage/sync/sync.go:221.43,222.27 1 1
github.com/grokify/omnistorage/sync/sync.go:222.27,227.4 1 0
github.com/grokify/omnistorage/sync/sync.go:229.3,229.30 1 1
github.com/grokify/omnistorage/sync/sync.go:229.30,230.11 1 1
github.com/grokify/omnistorage/sync/sync.go:231.22,233.29 2 0
github.com/grokify/omnistorage/sync/sync.go:234.12,234.12 0 1
github.com/grokify/omnistorage/sync/sync.go:237.4,239.28 2 1
github.com/grokify/omnistorage/sync/sync.go:239.28,246.5 1 0
github.com/grokify/omnistorage/sync/sync.go:248.4,248.20 1 1
github.com/grokify/omnistorage/sync/sync.go:248.20,249.56 1 1
github.com/grokify/omnistorage/sync/sync.go:249.56,255.68 2 0
github.com/grokify/omnistorage/sync/sync.go:255.68,258.7 2 0
github.com/grokify/omnistorage/sync/sync.go:259.6,259.14 1 0
github.com/grokify/omnistorage/sync/sync.go:262.4,262.20 1 1
github.com/grokify/omnistorage/sync/sync.go:266.2,266.26 1 1
github.com/grokify/omnistorage/sync/sync.go:266.26,274.3 1 1
github.com/grokify/omnistorage/sync/sync.go:276.2,277.20 2 1
github.com/grokify/omnistorage/sync/sync.go:283.107,287.2 1 1
github.com/grokify/omnistorage/sync/sync.go:293.118,299.16 4 1
github.com/grokify/omnistorage/sync/sync.go:299.16,301.3 1 0
github.com/grokify/omnistorage/sync/sync.go:304.2,304.17 1 1
github.com/grokify/omnistorage/sync/sync.go:304.17,307.3 2 1
github.com/grokify/omnistorage/sync/sync.go:310.2,311.16 2 1
github.com/grokify/omnistorage/sync/sync.go:311.16,313.3 1 0
github.com/grokify/omnistorage/sync/sync.go:315.2,315.29 1 1
github.com/grokify/omnistorage/sync/sync.go:315.29,316.14 1 1
github.com/grokify/omnistorage/sync/sync.go:316.14,317.12 1 0
github.com/grokify/omnistorage/sync/sync.go:320.3,320.10 1 1
github.com/grokify/omnistorage/sync/sync.go:321.21,323.28 2 0
github.com/grokify/omnistorage/sync/sync.go:324.11,324.11 0 1
github.com/grokify/omnistorage/sync/sync.go:327.3,332.17 4 1
github.com/grokify/omnistorage/sync/sync.go:332.17,338.12 2 0
github.com/grokify/omnistorage/sync/sync.go:341.3,341.17 1 1
github.com/grokify/omnistorage/sync/sync.go:341.17,343.12 1 0
github.com/grokify/omnistorage/sync/sync.go:347.3,347.54 1 1
github.com/grokify/omnistorage/sync/sync.go:347.54,353.66 2 0
github.com/grokify/omnistorage/sync/sync.go:353.66,354.10 1 0
github.com/grokify/omnistorage/sync/sync.go:359.2,360.20 2 1
github.com/grokify/omnistorage/sync/sync.go:365.97,367.16 1 1
github.com/grokify/omnistorage/sync/sync.go:367.16,368.72 1 0
github.com/grokify/omnistorage/sync/sync.go:368.72,370.4 1 0
github.com/grokify/omnistorage/sync/sync.go:374.2,374.66 1 1
github.com/grokify/omnistorage/sync/sync.go:374.66,376.3 1 0
github.com/grokify/omnistorage/sync/sync.go:378.2,378.33 1 1
github.com/grokify/omnistorage/sync/sync.go:382.117,384.16 2 1
github.com/grokify/omnistorage/sync/sync.go:384.16,386.3 1 1
github.com/grokify/omnistorage/sync/sync.go:388.2,393.26 3 1
github.com/grokify/omnistorage/sync/sync.go:393.26,396.47 2 1
github.com/grokify/omnistorage/sync/sync.go:396.47,398.45 2 1
github.com/grokify/omnistorage/sync/sync.go:398.45,400.5 1 1
github.com/grokify/omnistorage/sync/sync.go:403.3,405.13 2 1
github.com/grokify/omnistorage/sync/sync.go:405.13,407.18 2 1
github.com/grokify/omnistorage/sync/sync.go:407.18,411.22 4 1
github.com/grokify/omnistorage/sync/sync.go:411.22,413.6 1 1
github.com/grokify/omnistorage/sync/sync.go:418.3,418.38 1 1
github.com/grokify/omnistorage/sync/sync.go:418.38,425.38 2 1
github.com/grokify/omnistorage/sync/sync.go:425.38,426.13 1 1
github.com/grokify/omnistorage/sync/sync.go:430.3,430.28 1 1
github.com/grokify/omnistorage/sync/sync.go:433.2,433.19 1 1
github.com/grokify/omnistorage/sync/sync.go:437.127,439.62 1 1
github.com/grokify/omnistorage/sync/sync.go:439.62,440.61 1 1
github.com/grokify/omnistorage/sync/sync.go:440.61,442.4 1 1
github.com/grokify/omnistorage/sync/sync.go:444.2,444.62 1 1
github.com/grokify/omnistorage/sync/sync.go:448.122,451.16 1 1
github.com/grokify/omnistorage/sync/sync.go:451.16,452.72 1 0
github.com/grokify/omnistorage/sync/sync.go:452.72,454.4 1 0
github.com/grokify/omnistorage/sync/sync.go:458.2,459.16 2 1
github.com/grokify/omnistorage/sync/sync.go:459.16,461.3 1 0
github.com/grokify/omnistorage/sync/sync.go:462.2,462.15 1 1
github.com/grokify/omnistorage/sync/sync.go:462.15,462.37 1 1
github.com/grokify/omnistorage/sync/sync.go:465.2,466.29 2 1
github.com/grokify/omnistorage/sync/sync.go:466.29,468.3 1 1
github.com/grokify/omnistorage/sync/sync.go:471.2,474.16 3 1
github.com/grokify/omnistorage/sync/sync.go:474.16,476.3 1 1
github.com/grokify/omnistorage/sync/sync.go:478.2,479.16 2 1
github.com/grokify/omnistorage/sync/sync.go:479.16,482.3 2 0
github.com/grokify/omnistorage/sync/sync.go:484.2,484.23 1 1
github.com/grokify/omnistorage/sync/sync.go:488.141,492.13 3 1
github.com/grokify/omnistorage/sync/sync.go:492.13,494.3 1 0
github.com/grokify/omnistorage/sync/sync.go:496.2,497.16 2 1
github.com/grokify/omnistorage/sync/sync.go:497.16,499.3 1 0
github.com/grokify/omnistorage/sync/sync.go:502.2,505.21 3 1
github.com/grokify/omnistorage/sync/sync.go:505.21,508.3 2 1
github.com/grokify/omnistorage/sync/sync.go:511.2,511.25 1 1
github.com/grokify/omnistorage/sync/sync.go:511.25,512.41 1 1
github.com/grokify/omnistorage/sync/sync.go:512.41,514.4 1 0
github.com/grokify/omnistorage/sync/sync.go:518.2,518.28 1 1
github.com/grokify/omnistorage/sync/sync.go:518.28,519.45 1 1
github.com/grokify/omnistorage/sync/sync.go:519.45,521.4 1 0
github.com/grokify/omnistorage/sync/sync.go:524.2,524.13 1 1
github.com/grokify/omnistorage/sync/sync.go:529.97,533.2 2 1
github.com/grokify/omnistorage/sync/verify.go:19.117,21.16 2 1
github.com/grokify/omnistorage/sync/verify.go:21.16,23.3 1 0
github.com/grokify/omnistorage/sync/verify.go:24.2,24.29 1 1
github.com/grokify/omnistorage/sync/verify.go:31.107,34.16 2 1
github.com/grokify/omnistorage/sync/verify.go:34.16,36.3 1 0
github.com/grokify/omnistorage/sync/verify.go:37.2,37.16 1 1
github.com/grokify/omnistorage/sync/verify.go:37.16,39.3 1 1
github.com/grokify/omnistorage/sync/verify.go:41.2,42.16 2 1
github.com/grokify/omnistorage/sync/verify.go:42.16,44.3 1 0
github.com/grokify/omnistorage/sync/verify.go:45.2,45.16 1 1
github.com/grokify/omnistorage/sync/verify.go:45.16,47.3 1 1
github.com/grokify/omnistorage/sync/verify.go:50.2,54.28 3 1
github.com/grokify/omnistorage/sync/verify.go:54.28,56.17 2 1
github.com/grokify/omnistorage/sync/verify.go:56.17,58.4 1 0
github.com/grokify/omnistorage/sync/verify.go:59.3,60.17 2 1
github.com/grokify/omnistorage/sync/verify.go:60.17,62.4 1 0
github.com/grokify/omnistorage/sync/verify.go:65.3,65.39 1 1
github.com/grokify/omnistorage/sync/verify.go:65.39,67.4 1 0
github.com/grokify/omnistorage/sync/verify.go:70.3,72.37 3 1
github.com/grokify/omnistorage/sync/verify.go:72.37,74.4 1 0
github.com/grokify/omnistorage/sync/verify.go:78.2,78.64 1 1
github.com/grokify/omnistorage/sync/verify.go:85.111,87.2 1 1
github.com/grokify/omnistorage/sync/verify.go:117.137,119.16 2 1
github.com/grokify/omnistorage/sync/verify.go:119.16,121.3 1 0
github.com/grokify/omnistorage/sync/verify.go:123.2,134.20 3 1
github.com/grokify/omnistorage/sync/verify.go:141.108,143.2 1 1
github.com/grokify/omnistorage/sync/verify.go:146.128,148.16 2 1
github.com/grokify/omnistorage/sync/verify.go:148.16,150.3 1 0
github.com/grokify/omnistorage/sync/verify.go:152.2,152.21 1 1
github.com/grokify/omnistorage/sync/verify.go:152.21,154.3 1 1
github.com/grokify/omnistorage/sync/verify.go:156.2,159.37 3 1
github.com/grokify/omnistorage/sync/verify.go:159.37,161.44 2 0
github.com/grokify/omnistorage/sync/verify.go:161.44,163.4 1 0
github.com/grokify/omnistorage/sync/verify.go:166.2,166.34 1 1
github.com/grokify/omnistorage/sync/verify.go:166.34,168.41 2 1
github.com/grokify/omnistorage/sync/verify.go:168.41,170.4 1 1
github.com/grokify/omnistorage/sync/verify.go:173.2,173.32 1 1
github.com/grokify/omnistorage/sync/verify.go:173.32,175.39 2 0
github.com/grokify/omnistorage/sync/verify.go:175.39,177.4 1 0
github.com/grokify/omnistorage/sync/verify.go:180.2,180.20 1 1
github.com/grokify/omnistorage/sync/verify.go:187.95,189.16 2 1
github.com/grokify/omnistorage/sync/verify.go:189.16,191.3 1 1
github.com/grokify/omnistorage/sync/verify.go:192.2,192.15 1 1
github.com/grokify/omnistorage/sync/verify.go:192.15,192.37 1 1
github.com/grokify/omnistorage/sync/verify.go:195.2,196.6 2 1
github.com/grokify/omnistorage/sync/verify.go:196.6,198.20 2 1
github.com/grokify/omnistorage/sync/verify.go:198.20,199.9 1 1
github.com/grokify/omnistorage/sync/verify.go:201.3,201.17 1 1
github.com/grokify/omnistorage/sync/verify.go:201.17,203.4 1 0
github.com/grokify/omnistorage/sync/verify.go:206.2,206.12 1 1
github.com/grokify/omnistorage/sync/verify.go:210.110,212.16 2 1
github.com/grokify/omnistorage/sync/verify.go:212.16,214.3 1 0
github.com/grokify/omnistorage/sync/verify.go:216.2,217.26 2 1
github.com/grokify/omnistorage/sync/verify.go:217.26,219.47 2 1
github.com/grokify/omnistorage/sync/verify.go:219.48,221.4 0 0
github.com/grokify/omnistorage/sync/verify.go:221.9,221.28 1 1
github.com/grokify/omnistorage/sync/verify.go:221.28,223.4 1 0
github.com/grokify/omnistorage/sync/verify.go:225.3,225.65 1 1
github.com/grokify/omnistorage/sync/verify.go:225.65,227.4 1 0
github.com/grokify/omnistorage/sync/verify.go:230.2,230.23 1 1
